TID: [-1] [] [2018-05-23 13:57:28,962]  INFO {org.wso2.andes.wso2.internal.QpidBundleActivator} -  Setting BundleContext in PluginManager {org.wso2.andes.wso2.internal.QpidBundleActivator}
TID: [-1234] [] [2018-05-23 13:57:30,306]  INFO {org.wso2.carbon.core.internal.CarbonCoreActivator} -  Starting WSO2 Carbon... {org.wso2.carbon.core.internal.CarbonCoreActivator}
TID: [-1234] [] [2018-05-23 13:57:30,307]  INFO {org.wso2.carbon.core.internal.CarbonCoreActivator} -  Operating System : Mac OS X 10.12.6, x86_64 {org.wso2.carbon.core.internal.CarbonCoreActivator}
TID: [-1234] [] [2018-05-23 13:57:30,307]  INFO {org.wso2.carbon.core.internal.CarbonCoreActivator} -  Java Home        : /Library/Java/JavaVirtualMachines/jdk1.8.0_172.jdk/Contents/Home/jre {org.wso2.carbon.core.internal.CarbonCoreActivator}
TID: [-1234] [] [2018-05-23 13:57:30,307]  INFO {org.wso2.carbon.core.internal.CarbonCoreActivator} -  Java Version     : 1.8.0_172 {org.wso2.carbon.core.internal.CarbonCoreActivator}
TID: [-1234] [] [2018-05-23 13:57:30,307]  INFO {org.wso2.carbon.core.internal.CarbonCoreActivator} -  Java VM          : Java HotSpot(TM) 64-Bit Server VM 25.172-b11,Oracle Corporation {org.wso2.carbon.core.internal.CarbonCoreActivator}
TID: [-1234] [] [2018-05-23 13:57:30,307]  INFO {org.wso2.carbon.core.internal.CarbonCoreActivator} -  Carbon Home      : /Users/kaveh/Documents/Sogeti/docker-apim/dockerfiles/apim/files/wso2am-2.2.0 {org.wso2.carbon.core.internal.CarbonCoreActivator}
TID: [-1234] [] [2018-05-23 13:57:30,307]  INFO {org.wso2.carbon.core.internal.CarbonCoreActivator} -  Java Temp Dir    : /Users/kaveh/Documents/Sogeti/docker-apim/dockerfiles/apim/files/wso2am-2.2.0/tmp {org.wso2.carbon.core.internal.CarbonCoreActivator}
TID: [-1234] [] [2018-05-23 13:57:30,307]  INFO {org.wso2.carbon.core.internal.CarbonCoreActivator} -  User             : kaveh, en-NL, Europe/Amsterdam {org.wso2.carbon.core.internal.CarbonCoreActivator}
TID: [-1] [] [2018-05-23 13:57:30,687]  INFO {org.wso2.carbon.event.output.adapter.kafka.internal.ds.KafkaEventAdapterServiceDS} -  Successfully deployed the Kafka output event adaptor service {org.wso2.carbon.event.output.adapter.kafka.internal.ds.KafkaEventAdapterServiceDS}
TID: [-1] [] [2018-05-23 13:57:30,822]  INFO {org.wso2.carbon.event.template.manager.core.internal.ds.TemplateDeployerServiceTrackerDS} -  Successfully deployed the execution manager tracker service {org.wso2.carbon.event.template.manager.core.internal.ds.TemplateDeployerServiceTrackerDS}
TID: [-1234] [] [2018-05-23 13:57:32,735]  INFO {org.wso2.carbon.consent.mgt.core.internal.ConsentManagerComponent} -  ConsentManagerComponent is activated. {org.wso2.carbon.consent.mgt.core.internal.ConsentManagerComponent}
TID: [-1234] [] [2018-05-23 13:57:32,995]  INFO {org.wso2.carbon.databridge.receiver.binary.internal.BinaryDataReceiver} -  Started Binary SSL Transport on port : 9711 {org.wso2.carbon.databridge.receiver.binary.internal.BinaryDataReceiver}
TID: [-1234] [] [2018-05-23 13:57:32,996]  INFO {org.wso2.carbon.databridge.receiver.binary.internal.BinaryDataReceiver} -  Started Binary TCP Transport on port : 9611 {org.wso2.carbon.databridge.receiver.binary.internal.BinaryDataReceiver}
TID: [-1234] [] [2018-05-23 13:57:33,003]  INFO {org.wso2.carbon.databridge.core.internal.DataBridgeDS} -  Successfully deployed Agent Server  {org.wso2.carbon.databridge.core.internal.DataBridgeDS}
TID: [-1234] [] [2018-05-23 13:57:33,289]  INFO {org.wso2.carbon.registry.core.jdbc.EmbeddedRegistryService} -  Configured Registry in 130ms {org.wso2.carbon.registry.core.jdbc.EmbeddedRegistryService}
TID: [-1234] [] [2018-05-23 13:57:33,563]  INFO {org.wso2.carbon.registry.core.internal.RegistryCoreServiceComponent} -  Registry Mode    : READ-WRITE {org.wso2.carbon.registry.core.internal.RegistryCoreServiceComponent}
TID: [-1234] [] [2018-05-23 13:57:33,577]  INFO {org.wso2.andes.configuration.AndesConfigurationManager} -  Main andes configuration located at : /Users/kaveh/Documents/Sogeti/docker-apim/dockerfiles/apim/files/wso2am-2.2.0/repository/conf/broker.xml {org.wso2.andes.configuration.AndesConfigurationManager}
TID: [-1234] [] [2018-05-23 13:57:33,731]  INFO {org.wso2.andes.configuration.AndesConfigurationManager} -  Main andes configuration located at : /Users/kaveh/Documents/Sogeti/docker-apim/dockerfiles/apim/files/wso2am-2.2.0/repository/conf/broker.xml {org.wso2.andes.configuration.AndesConfigurationManager}
TID: [-1] [] [2018-05-23 13:57:43,976]  INFO {org.apache.catalina.startup.TaglibUriRule} -  TLD skipped. URI: http://tiles.apache.org/tags-tiles is already defined {org.apache.catalina.startup.TaglibUriRule}
TID: [-1234] [] [2018-05-23 13:57:54,665]  INFO {org.wso2.carbon.metrics.impl.util.JDBCReporterBuilder} -  Creating JDBC reporter for Metrics with source 'Kavehs-MacBook-Pro.local', data source 'jdbc/WSO2MetricsDB' and 60 seconds polling period {org.wso2.carbon.metrics.impl.util.JDBCReporterBuilder}
TID: [-1234] [] [2018-05-23 13:57:54,666]  INFO {org.wso2.carbon.metrics.impl.util.JmxReporterBuilder} -  Creating JMX reporter for Metrics with domain 'org.wso2.carbon.metrics' {org.wso2.carbon.metrics.impl.util.JmxReporterBuilder}
TID: [-1234] [] [2018-05-23 13:57:54,673]  INFO {org.wso2.carbon.metrics.impl.reporter.AbstractReporter} -  Started JDBC reporter for Metrics {org.wso2.carbon.metrics.impl.reporter.AbstractReporter}
TID: [-1234] [] [2018-05-23 13:57:54,673]  INFO {org.wso2.carbon.metrics.impl.reporter.AbstractReporter} -  Started JMX reporter for Metrics {org.wso2.carbon.metrics.impl.reporter.AbstractReporter}
TID: [-1234] [] [2018-05-23 13:58:26,605]  INFO {org.wso2.carbon.registry.indexing.solr.SolrClient} -  Default Embedded Solr Server Initialized {org.wso2.carbon.registry.indexing.solr.SolrClient}
TID: [-1234] [] [2018-05-23 13:58:27,680]  INFO {org.wso2.carbon.user.core.internal.UserStoreMgtDSComponent} -  Carbon UserStoreMgtDSComponent activated successfully. {org.wso2.carbon.user.core.internal.UserStoreMgtDSComponent}
TID: [-1234] [] [2018-05-23 13:58:30,547]  INFO {org.apache.axis2.deployment.ClusterBuilder} -  Clustering has been disabled {org.apache.axis2.deployment.ClusterBuilder}
TID: [-1234] [] [2018-05-23 13:58:31,295]  INFO {org.wso2.carbon.identity.user.store.configuration.deployer.UserStoreConfigurationDeployer} -  User Store Configuration Deployer initiated. {org.wso2.carbon.identity.user.store.configuration.deployer.UserStoreConfigurationDeployer}
TID: [-1234] [] [2018-05-23 13:58:31,297]  INFO {org.wso2.carbon.identity.user.store.configuration.deployer.UserStoreConfigurationDeployer} -  User Store Configuration Deployer initiated. {org.wso2.carbon.identity.user.store.configuration.deployer.UserStoreConfigurationDeployer}
TID: [-1234] [] [2018-05-23 13:58:33,723]  INFO {org.wso2.carbon.websocket.transport.WebsocketTransportSender} -  WSS Sender started {org.wso2.carbon.websocket.transport.WebsocketTransportSender}
TID: [-1234] [] [2018-05-23 13:58:33,736]  INFO {org.apache.synapse.transport.passthru.PassThroughHttpSender} -  Initializing Pass-through HTTP/S Sender... {org.apache.synapse.transport.passthru.PassThroughHttpSender}
TID: [-1234] [] [2018-05-23 13:58:33,778]  INFO {org.apache.synapse.transport.passthru.PassThroughHttpSender} -  No proxy configuration found {org.apache.synapse.transport.passthru.PassThroughHttpSender}
TID: [-1234] [] [2018-05-23 13:58:33,877]  INFO {org.apache.synapse.transport.passthru.PassThroughHttpSender} -  Pass-through HTTP Sender started... {org.apache.synapse.transport.passthru.PassThroughHttpSender}
TID: [-1234] [] [2018-05-23 13:58:33,878]  INFO {org.apache.synapse.transport.passthru.PassThroughHttpSSLSender} -  Initializing Pass-through HTTP/S Sender... {org.apache.synapse.transport.passthru.PassThroughHttpSSLSender}
TID: [-1234] [] [2018-05-23 13:58:33,879]  INFO {org.apache.synapse.transport.passthru.PassThroughHttpSSLSender} -  No proxy configuration found {org.apache.synapse.transport.passthru.PassThroughHttpSSLSender}
TID: [-1234] [] [2018-05-23 13:58:33,880]  INFO {org.apache.synapse.transport.nhttp.config.ClientConnFactoryBuilder} -  HTTPS Loading Identity Keystore from : repository/resources/security/wso2carbon.jks {org.apache.synapse.transport.nhttp.config.ClientConnFactoryBuilder}
TID: [-1234] [] [2018-05-23 13:58:33,885]  INFO {org.apache.synapse.transport.nhttp.config.ClientConnFactoryBuilder} -  HTTPS Loading Trust Keystore from : repository/resources/security/client-truststore.jks {org.apache.synapse.transport.nhttp.config.ClientConnFactoryBuilder}
TID: [-1234] [] [2018-05-23 13:58:33,901]  INFO {org.apache.synapse.transport.nhttp.config.ClientConnFactoryBuilder} -  customSSLProfiles configuration is loaded from path: /Users/kaveh/Documents/Sogeti/docker-apim/dockerfiles/apim/files/wso2am-2.2.0/repository/resources/security/sslprofiles.xml {org.apache.synapse.transport.nhttp.config.ClientConnFactoryBuilder}
TID: [-1234] [] [2018-05-23 13:58:33,901]  INFO {org.apache.synapse.transport.nhttp.config.ClientConnFactoryBuilder} -  HTTPS Loading custom SSL profiles for the HTTPS sender {org.apache.synapse.transport.nhttp.config.ClientConnFactoryBuilder}
TID: [-1234] [] [2018-05-23 13:58:33,902]  INFO {org.apache.synapse.transport.nhttp.config.ClientConnFactoryBuilder} -  HTTPS Loading Identity Keystore from : repository/resources/security/wso2carbon.jks {org.apache.synapse.transport.nhttp.config.ClientConnFactoryBuilder}
TID: [-1234] [] [2018-05-23 13:58:33,903]  INFO {org.apache.synapse.transport.nhttp.config.ClientConnFactoryBuilder} -  HTTPS Loading Trust Keystore from : repository/resources/security/client-truststore.jks {org.apache.synapse.transport.nhttp.config.ClientConnFactoryBuilder}
TID: [-1234] [] [2018-05-23 13:58:33,906]  INFO {org.apache.synapse.transport.nhttp.config.ClientConnFactoryBuilder} -  HTTPS Custom SSL profiles initialized for 1 servers {org.apache.synapse.transport.nhttp.config.ClientConnFactoryBuilder}
TID: [-1234] [] [2018-05-23 13:58:33,907]  INFO {org.apache.synapse.transport.passthru.PassThroughHttpSSLSender} -  Pass-through HTTPS Sender started... {org.apache.synapse.transport.passthru.PassThroughHttpSSLSender}
TID: [-1234] [] [2018-05-23 13:58:33,912]  INFO {org.wso2.carbon.websocket.transport.WebsocketTransportSender} -  WS Sender started {org.wso2.carbon.websocket.transport.WebsocketTransportSender}
TID: [-1234] [] [2018-05-23 13:58:33,936]  INFO {org.apache.synapse.transport.passthru.PassThroughHttpListener} -  Initializing Pass-through HTTP/S Listener... {org.apache.synapse.transport.passthru.PassThroughHttpListener}
TID: [-1234] [] [2018-05-23 13:58:43,981]  INFO {org.apache.synapse.transport.passthru.PassThroughHttpSSLListener} -  Initializing Pass-through HTTP/S Listener... {org.apache.synapse.transport.passthru.PassThroughHttpSSLListener}
TID: [-1234] [] [2018-05-23 13:58:54,033]  INFO {org.apache.axis2.deployment.ModuleDeployer} -  Deploying module: addressing-1.6.1-wso2v23 - file:/Users/kaveh/Documents/Sogeti/docker-apim/dockerfiles/apim/files/wso2am-2.2.0/repository/deployment/client/modules/addressing-1.6.1-wso2v23.mar {org.apache.axis2.deployment.ModuleDeployer}
TID: [-1234] [] [2018-05-23 13:58:54,527]  INFO {org.apache.axis2.deployment.DeploymentEngine} -  Deploying Web service: org.wso2.carbon.andes.admin-3.1.6 -  {org.apache.axis2.deployment.DeploymentEngine}
TID: [-1234] [] [2018-05-23 13:58:54,556]  INFO {org.apache.axis2.deployment.DeploymentEngine} -  Deploying Web service: org.wso2.carbon.andes.event.admin-3.1.6 -  {org.apache.axis2.deployment.DeploymentEngine}
TID: [-1234] [] [2018-05-23 13:58:55,248]  INFO {org.apache.axis2.deployment.DeploymentEngine} -  Deploying Web service: org.wso2.carbon.identity.application.authentication.framework-5.11.148 -  {org.apache.axis2.deployment.DeploymentEngine}
TID: [-1234] [] [2018-05-23 13:58:55,366]  INFO {org.apache.axis2.deployment.DeploymentEngine} -  Deploying Web service: org.wso2.carbon.identity.discovery-5.6.63 -  {org.apache.axis2.deployment.DeploymentEngine}
TID: [-1234] [] [2018-05-23 13:58:55,473]  INFO {org.wso2.carbon.core.deployment.DeploymentInterceptor} -  Deploying Axis2 service: AccountCredentialMgtConfigService {super-tenant} {org.wso2.carbon.core.deployment.DeploymentInterceptor}
TID: [-1234] [] [2018-05-23 13:58:55,474]  INFO {org.wso2.carbon.core.deployment.DeploymentInterceptor} -  Deploying Axis2 service: UserIdentityManagementAdminService {super-tenant} {org.wso2.carbon.core.deployment.DeploymentInterceptor}
TID: [-1234] [] [2018-05-23 13:58:55,474]  INFO {org.wso2.carbon.core.deployment.DeploymentInterceptor} -  Deploying Axis2 service: UserInformationRecoveryService {super-tenant} {org.wso2.carbon.core.deployment.DeploymentInterceptor}
TID: [-1234] [] [2018-05-23 13:58:55,475]  INFO {org.apache.axis2.deployment.DeploymentEngine} -  Deploying Web service: org.wso2.carbon.identity.mgt-5.11.148 -  {org.apache.axis2.deployment.DeploymentEngine}
TID: [-1234] [] [2018-05-23 13:58:55,621]  INFO {org.apache.axis2.deployment.DeploymentEngine} -  Deploying Web service: org.wso2.carbon.identity.webfinger-5.6.63 -  {org.apache.axis2.deployment.DeploymentEngine}
TID: [-1234] [] [2018-05-23 13:58:55,804]  INFO {org.apache.axis2.deployment.DeploymentEngine} -  Deploying Web service: org.wso2.carbon.message.processor-4.6.64 -  {org.apache.axis2.deployment.DeploymentEngine}
TID: [-1234] [] [2018-05-23 13:58:55,812]  INFO {org.apache.axis2.deployment.DeploymentEngine} -  Deploying Web service: org.wso2.carbon.message.store-4.6.64 -  {org.apache.axis2.deployment.DeploymentEngine}
TID: [-1234] [] [2018-05-23 13:58:56,107]  INFO {org.apache.axis2.deployment.DeploymentEngine} -  Deploying Web service: org.wso2.carbon.registry.ws.api-4.6.28 -  {org.apache.axis2.deployment.DeploymentEngine}
TID: [-1234] [] [2018-05-23 13:58:57,435]  INFO {org.wso2.carbon.core.init.CarbonServerManager} -  Repository       : /Users/kaveh/Documents/Sogeti/docker-apim/dockerfiles/apim/files/wso2am-2.2.0/repository/deployment/server/ {org.wso2.carbon.core.init.CarbonServerManager}
TID: [-1] [] [2018-05-23 13:58:57,439]  INFO {org.wso2.carbon.event.input.adapter.kafka.internal.ds.KafkaEventAdapterServiceHolder} -  Kafka input event adaptor waiting for dependent configurations to load {org.wso2.carbon.event.input.adapter.kafka.internal.ds.KafkaEventAdapterServiceHolder}
TID: [-1234] [] [2018-05-23 13:58:57,490]  INFO {org.wso2.carbon.andes.core.internal.ds.QueueManagerServiceDS} -  Successfully created the queue manager service {org.wso2.carbon.andes.core.internal.ds.QueueManagerServiceDS}
TID: [-1234] [] [2018-05-23 13:58:57,537]  INFO {org.wso2.carbon.andes.core.internal.ds.SubscriptionManagerServiceDS} -  Successfully created the subscription manager service {org.wso2.carbon.andes.core.internal.ds.SubscriptionManagerServiceDS}
TID: [-1234] [] [2018-05-23 13:59:24,987]  INFO {org.wso2.carbon.core.multitenancy.eager.TenantLoadingConfig} -  Using tenant lazy loading policy... {org.wso2.carbon.core.multitenancy.eager.TenantLoadingConfig}
TID: [-1234] [] [2018-05-23 13:59:24,998]  INFO {org.wso2.carbon.core.internal.permission.update.PermissionUpdater} -  Permission cache updated for tenant -1234 {org.wso2.carbon.core.internal.permission.update.PermissionUpdater}
TID: [-1234] [] [2018-05-23 13:59:25,572]  INFO {org.wso2.carbon.apimgt.keymgt.handlers.DefaultKeyValidationHandler} -  org.wso2.carbon.apimgt.keymgt.handlers.DefaultKeyValidationHandler Initialised {org.wso2.carbon.apimgt.keymgt.handlers.DefaultKeyValidationHandler}
TID: [-1234] [] [2018-05-23 13:59:25,572]  INFO {org.wso2.carbon.apimgt.keymgt.service.APIKeyValidationService} -  Initialised KeyValidationHandler instance successfully {org.wso2.carbon.apimgt.keymgt.service.APIKeyValidationService}
TID: [-1234] [] [2018-05-23 13:59:25,585]  INFO {org.wso2.carbon.apimgt.keymgt.internal.APIKeyMgtServiceComponent} -  Started thrift key mgt service at port:10397 {org.wso2.carbon.apimgt.keymgt.internal.APIKeyMgtServiceComponent}
TID: [-1234] [] [2018-05-23 13:59:25,889]  INFO {org.wso2.carbon.user.core.internal.UserStoreMgtDSComponent} -  Claim manager set for class org.wso2.carbon.user.core.common.DefaultRealm {org.wso2.carbon.user.core.internal.UserStoreMgtDSComponent}
TID: [-1234] [] [2018-05-23 13:59:25,890]  INFO {org.wso2.carbon.user.core.internal.UserStoreMgtDSComponent} -  Claim manager set for class org.wso2.carbon.user.core.jdbc.JDBCUserStoreManager {org.wso2.carbon.user.core.internal.UserStoreMgtDSComponent}
TID: [-1234] [] [2018-05-23 13:59:26,007]  INFO {org.wso2.carbon.identity.oauth2.internal.OAuth2ServiceComponent} -  PKCE Support enabled. {org.wso2.carbon.identity.oauth2.internal.OAuth2ServiceComponent}
TID: [-1234] [] [2018-05-23 13:59:26,932]  INFO {org.wso2.carbon.mediation.initializer.ServiceBusInitializer} -  Starting ESB... {org.wso2.carbon.mediation.initializer.ServiceBusInitializer}
TID: [-1234] [] [2018-05-23 13:59:26,962]  INFO {org.wso2.carbon.mediation.initializer.ServiceBusInitializer} -  Initializing Apache Synapse... {org.wso2.carbon.mediation.initializer.ServiceBusInitializer}
TID: [-1234] [] [2018-05-23 13:59:36,978]  INFO {org.apache.synapse.SynapseControllerFactory} -  Using Synapse home : /Users/kaveh/Documents/Sogeti/docker-apim/dockerfiles/apim/files/wso2am-2.2.0/. {org.apache.synapse.SynapseControllerFactory}
TID: [-1234] [] [2018-05-23 13:59:36,979]  INFO {org.apache.synapse.SynapseControllerFactory} -  Using synapse.xml location : /Users/kaveh/Documents/Sogeti/docker-apim/dockerfiles/apim/files/wso2am-2.2.0/././repository/deployment/server/synapse-configs/default {org.apache.synapse.SynapseControllerFactory}
TID: [-1234] [] [2018-05-23 13:59:36,979]  INFO {org.apache.synapse.SynapseControllerFactory} -  Using server name : localhost {org.apache.synapse.SynapseControllerFactory}
TID: [-1234] [] [2018-05-23 13:59:36,983]  INFO {org.apache.synapse.SynapseControllerFactory} -  The timeout handler will run every : 15s {org.apache.synapse.SynapseControllerFactory}
TID: [-1234] [] [2018-05-23 13:59:36,992]  INFO {org.apache.synapse.Axis2SynapseController} -  Initializing Synapse at : Wed May 23 13:59:36 CEST 2018 {org.apache.synapse.Axis2SynapseController}
TID: [-1234] [] [2018-05-23 13:59:37,002]  INFO {org.wso2.carbon.mediation.initializer.CarbonSynapseController} -  Loading the mediation configuration from the file system {org.wso2.carbon.mediation.initializer.CarbonSynapseController}
TID: [-1234] [] [2018-05-23 13:59:37,004]  INFO {org.apache.synapse.config.xml.MultiXMLConfigurationBuilder} -  Building synapse configuration from the synapse artifact repository at : ././repository/deployment/server/synapse-configs/default {org.apache.synapse.config.xml.MultiXMLConfigurationBuilder}
TID: [-1234] [] [2018-05-23 13:59:37,005]  INFO {org.apache.synapse.config.xml.XMLConfigurationBuilder} -  Generating the Synapse configuration model by parsing the XML configuration {org.apache.synapse.config.xml.XMLConfigurationBuilder}
TID: [-1234] [] [2018-05-23 13:59:37,107]  INFO {org.wso2.carbon.mediation.dependency.mgt.DependencyTracker} -  Sequence : _auth_failure_handler_ was added to the Synapse configuration successfully {org.wso2.carbon.mediation.dependency.mgt.DependencyTracker}
TID: [-1234] [] [2018-05-23 13:59:37,111]  INFO {org.wso2.carbon.mediation.dependency.mgt.DependencyTracker} -  Sequence : _build_ was added to the Synapse configuration successfully {org.wso2.carbon.mediation.dependency.mgt.DependencyTracker}
TID: [-1234] [] [2018-05-23 13:59:37,120]  INFO {org.wso2.carbon.mediation.dependency.mgt.DependencyTracker} -  Sequence : _cors_request_handler_ was added to the Synapse configuration successfully {org.wso2.carbon.mediation.dependency.mgt.DependencyTracker}
TID: [-1234] [] [2018-05-23 13:59:37,121]  INFO {org.wso2.carbon.mediation.dependency.mgt.DependencyTracker} -  Sequence : _production_key_error_ was added to the Synapse configuration successfully {org.wso2.carbon.mediation.dependency.mgt.DependencyTracker}
TID: [-1234] [] [2018-05-23 13:59:37,122]  INFO {org.wso2.carbon.mediation.dependency.mgt.DependencyTracker} -  Sequence : _resource_mismatch_handler_ was added to the Synapse configuration successfully {org.wso2.carbon.mediation.dependency.mgt.DependencyTracker}
TID: [-1234] [] [2018-05-23 13:59:37,122]  INFO {org.wso2.carbon.mediation.dependency.mgt.DependencyTracker} -  Sequence : _sandbox_key_error_ was added to the Synapse configuration successfully {org.wso2.carbon.mediation.dependency.mgt.DependencyTracker}
TID: [-1234] [] [2018-05-23 13:59:37,139]  INFO {org.wso2.carbon.mediation.dependency.mgt.DependencyTracker} -  Sequence : _threat_fault_ was added to the Synapse configuration successfully {org.wso2.carbon.mediation.dependency.mgt.DependencyTracker}
TID: [-1234] [] [2018-05-23 13:59:37,157]  INFO {org.wso2.carbon.mediation.dependency.mgt.DependencyTracker} -  Sequence : _throttle_out_handler_ was added to the Synapse configuration successfully {org.wso2.carbon.mediation.dependency.mgt.DependencyTracker}
TID: [-1234] [] [2018-05-23 13:59:37,164]  INFO {org.wso2.carbon.mediation.dependency.mgt.DependencyTracker} -  Sequence : _token_fault_ was added to the Synapse configuration successfully {org.wso2.carbon.mediation.dependency.mgt.DependencyTracker}
TID: [-1234] [] [2018-05-23 13:59:37,190]  INFO {org.wso2.carbon.mediation.dependency.mgt.DependencyTracker} -  Sequence : dispatchSeq was added to the Synapse configuration successfully {org.wso2.carbon.mediation.dependency.mgt.DependencyTracker}
TID: [-1234] [] [2018-05-23 13:59:37,204]  INFO {org.wso2.carbon.mediation.dependency.mgt.DependencyTracker} -  Sequence : fault was added to the Synapse configuration successfully {org.wso2.carbon.mediation.dependency.mgt.DependencyTracker}
TID: [-1234] [] [2018-05-23 13:59:37,221]  INFO {org.wso2.carbon.mediation.dependency.mgt.DependencyTracker} -  Sequence : main was added to the Synapse configuration successfully {org.wso2.carbon.mediation.dependency.mgt.DependencyTracker}
TID: [-1234] [] [2018-05-23 13:59:37,223]  INFO {org.wso2.carbon.mediation.dependency.mgt.DependencyTracker} -  Sequence : outDispatchSeq was added to the Synapse configuration successfully {org.wso2.carbon.mediation.dependency.mgt.DependencyTracker}
TID: [-1234] [] [2018-05-23 13:59:37,234]  INFO {org.wso2.carbon.mediation.dependency.mgt.DependencyTracker} -  Proxy service : WorkflowCallbackService was added to the Synapse configuration successfully {org.wso2.carbon.mediation.dependency.mgt.DependencyTracker}
TID: [-1234] [] [2018-05-23 13:59:37,253]  INFO {org.wso2.carbon.mediation.dependency.mgt.DependencyTracker} -  API : _WSO2AMAuthorizeAPI_ was added to the Synapse configuration successfully {org.wso2.carbon.mediation.dependency.mgt.DependencyTracker}
TID: [-1234] [] [2018-05-23 13:59:37,257]  INFO {org.wso2.carbon.mediation.dependency.mgt.DependencyTracker} -  API : _WSO2AMRevokeAPI_ was added to the Synapse configuration successfully {org.wso2.carbon.mediation.dependency.mgt.DependencyTracker}
TID: [-1234] [] [2018-05-23 13:59:37,260]  INFO {org.wso2.carbon.mediation.dependency.mgt.DependencyTracker} -  API : _WSO2AMTokenAPI_ was added to the Synapse configuration successfully {org.wso2.carbon.mediation.dependency.mgt.DependencyTracker}
TID: [-1234] [] [2018-05-23 13:59:37,264]  INFO {org.wso2.carbon.mediation.dependency.mgt.DependencyTracker} -  API : _WSO2AMUserInfoAPI_ was added to the Synapse configuration successfully {org.wso2.carbon.mediation.dependency.mgt.DependencyTracker}
TID: [-1234] [] [2018-05-23 13:59:37,268]  INFO {org.wso2.carbon.mediation.dependency.mgt.DependencyTracker} -  Inbound Endpoint : SecureWebSocketEP was added to the Synapse configuration successfully {org.wso2.carbon.mediation.dependency.mgt.DependencyTracker}
TID: [-1234] [] [2018-05-23 13:59:37,269]  INFO {org.wso2.carbon.mediation.dependency.mgt.DependencyTracker} -  Inbound Endpoint : WebSocketInboundEndpoint was added to the Synapse configuration successfully {org.wso2.carbon.mediation.dependency.mgt.DependencyTracker}
TID: [-1234] [] [2018-05-23 13:59:37,270]  INFO {org.apache.synapse.config.SynapseConfigurationBuilder} -  Loaded Synapse configuration from the artifact repository at : ././repository/deployment/server/synapse-configs/default {org.apache.synapse.config.SynapseConfigurationBuilder}
TID: [-1234] [] [2018-05-23 13:59:37,271]  INFO {org.wso2.carbon.mediation.dependency.mgt.DependencyTracker} -  Local entry : SERVER_HOST was added to the Synapse configuration successfully {org.wso2.carbon.mediation.dependency.mgt.DependencyTracker}
TID: [-1234] [] [2018-05-23 13:59:37,272]  INFO {org.wso2.carbon.mediation.dependency.mgt.DependencyTracker} -  Local entry : SERVER_IP was added to the Synapse configuration successfully {org.wso2.carbon.mediation.dependency.mgt.DependencyTracker}
TID: [-1234] [] [2018-05-23 13:59:37,276]  INFO {org.apache.synapse.Axis2SynapseController} -  Loading mediator extensions... {org.apache.synapse.Axis2SynapseController}
TID: [-1] [] [2018-05-23 13:59:37,442]  INFO {org.wso2.carbon.event.processor.manager.core.internal.CarbonEventManagementService} -  Starting polling event receivers {org.wso2.carbon.event.processor.manager.core.internal.CarbonEventManagementService}
TID: [-1234] [] [2018-05-23 13:59:37,543]  INFO {org.wso2.carbon.core.deployment.DeploymentInterceptor} -  Deploying Axis2 service: echo {super-tenant} {org.wso2.carbon.core.deployment.DeploymentInterceptor}
TID: [-1234] [] [2018-05-23 13:59:37,543]  INFO {org.apache.axis2.deployment.DeploymentEngine} -  Deploying Web service: Echo.aar - file:/Users/kaveh/Documents/Sogeti/docker-apim/dockerfiles/apim/files/wso2am-2.2.0/repository/deployment/server/axis2services/Echo.aar {org.apache.axis2.deployment.DeploymentEngine}
TID: [-1234] [] [2018-05-23 13:59:37,551]  INFO {org.wso2.carbon.core.deployment.DeploymentInterceptor} -  Deploying Axis2 service: Version {super-tenant} {org.wso2.carbon.core.deployment.DeploymentInterceptor}
TID: [-1234] [] [2018-05-23 13:59:37,551]  INFO {org.apache.axis2.deployment.DeploymentEngine} -  Deploying Web service: Version.aar - file:/Users/kaveh/Documents/Sogeti/docker-apim/dockerfiles/apim/files/wso2am-2.2.0/repository/deployment/server/axis2services/Version.aar {org.apache.axis2.deployment.DeploymentEngine}
TID: [-1234] [] [2018-05-23 13:59:37,618]  INFO {org.wso2.carbon.event.stream.core.EventStreamDeployer} -  Stream definition is deployed successfully  : org.wso2.blocking.request.stream:1.0.0 {org.wso2.carbon.event.stream.core.EventStreamDeployer}
TID: [-1234] [] [2018-05-23 13:59:37,619]  INFO {org.wso2.carbon.event.stream.core.EventStreamDeployer} -  Stream definition is deployed successfully  : org.wso2.keytemplate.request.stream:1.0.0 {org.wso2.carbon.event.stream.core.EventStreamDeployer}
TID: [-1234] [] [2018-05-23 13:59:37,620]  INFO {org.wso2.carbon.event.stream.core.EventStreamDeployer} -  Stream definition is deployed successfully  : org.wso2.throttle.globalThrottle.stream:1.0.0 {org.wso2.carbon.event.stream.core.EventStreamDeployer}
TID: [-1234] [] [2018-05-23 13:59:37,622]  INFO {org.wso2.carbon.event.stream.core.EventStreamDeployer} -  Stream definition is deployed successfully  : org.wso2.throttle.processed.request.stream:1.0.0 {org.wso2.carbon.event.stream.core.EventStreamDeployer}
TID: [-1234] [] [2018-05-23 13:59:37,623]  INFO {org.wso2.carbon.event.stream.core.EventStreamDeployer} -  Stream definition is deployed successfully  : org.wso2.throttle.request.stream:1.0.0 {org.wso2.carbon.event.stream.core.EventStreamDeployer}
TID: [-1234] [] [2018-05-23 13:59:37,638]  INFO {org.wso2.carbon.event.stream.core.internal.EventJunction} -  WSO2EventConsumer added to the junction. Stream:org.wso2.blocking.request.stream:1.0.0 {org.wso2.carbon.event.stream.core.internal.EventJunction}
TID: [-1234] [] [2018-05-23 13:59:37,643]  INFO {org.wso2.carbon.event.publisher.core.EventPublisherDeployer} -  Event Publisher configuration successfully deployed and in active state : blockingEventJMSPublisher {org.wso2.carbon.event.publisher.core.EventPublisherDeployer}
TID: [-1234] [] [2018-05-23 13:59:37,645]  INFO {org.wso2.carbon.event.stream.core.internal.EventJunction} -  WSO2EventConsumer added to the junction. Stream:org.wso2.throttle.globalThrottle.stream:1.0.0 {org.wso2.carbon.event.stream.core.internal.EventJunction}
TID: [-1234] [] [2018-05-23 13:59:37,645]  INFO {org.wso2.carbon.event.publisher.core.EventPublisherDeployer} -  Event Publisher configuration successfully deployed and in active state : jmsEventPublisher {org.wso2.carbon.event.publisher.core.EventPublisherDeployer}
TID: [-1234] [] [2018-05-23 13:59:37,646]  INFO {org.wso2.carbon.event.stream.core.internal.EventJunction} -  WSO2EventConsumer added to the junction. Stream:org.wso2.keytemplate.request.stream:1.0.0 {org.wso2.carbon.event.stream.core.internal.EventJunction}
TID: [-1234] [] [2018-05-23 13:59:37,647]  INFO {org.wso2.carbon.event.publisher.core.EventPublisherDeployer} -  Event Publisher configuration successfully deployed and in active state : keyTemplateEventPublisher {org.wso2.carbon.event.publisher.core.EventPublisherDeployer}
TID: [-1234] [] [2018-05-23 13:59:37,665]  INFO {org.wso2.carbon.event.input.adapter.core.internal.InputAdapterRuntime} -  Connecting receiver blockingWso2EventReceiver {org.wso2.carbon.event.input.adapter.core.internal.InputAdapterRuntime}
TID: [-1234] [] [2018-05-23 13:59:37,666]  INFO {org.wso2.carbon.event.stream.core.internal.EventJunction} -  Producer added to the junction. Stream:org.wso2.blocking.request.stream:1.0.0 {org.wso2.carbon.event.stream.core.internal.EventJunction}
TID: [-1234] [] [2018-05-23 13:59:37,667]  INFO {org.wso2.carbon.event.receiver.core.EventReceiverDeployer} -  Event Receiver configuration successfully deployed and in active state: blockingWso2EventReceiver {org.wso2.carbon.event.receiver.core.EventReceiverDeployer}
TID: [-1234] [] [2018-05-23 13:59:37,668]  INFO {org.wso2.carbon.event.input.adapter.core.internal.InputAdapterRuntime} -  Connecting receiver keyTemplateWso2EventReceiver {org.wso2.carbon.event.input.adapter.core.internal.InputAdapterRuntime}
TID: [-1234] [] [2018-05-23 13:59:37,668]  INFO {org.wso2.carbon.event.stream.core.internal.EventJunction} -  Producer added to the junction. Stream:org.wso2.keytemplate.request.stream:1.0.0 {org.wso2.carbon.event.stream.core.internal.EventJunction}
TID: [-1234] [] [2018-05-23 13:59:37,668]  INFO {org.wso2.carbon.event.receiver.core.EventReceiverDeployer} -  Event Receiver configuration successfully deployed and in active state: keyTemplateWso2EventReceiver {org.wso2.carbon.event.receiver.core.EventReceiverDeployer}
TID: [-1234] [] [2018-05-23 13:59:37,669]  INFO {org.wso2.carbon.event.input.adapter.core.internal.InputAdapterRuntime} -  Connecting receiver throttleWSO2EventReceiver {org.wso2.carbon.event.input.adapter.core.internal.InputAdapterRuntime}
TID: [-1234] [] [2018-05-23 13:59:37,669]  INFO {org.wso2.carbon.event.stream.core.internal.EventJunction} -  Producer added to the junction. Stream:org.wso2.throttle.request.stream:1.0.0 {org.wso2.carbon.event.stream.core.internal.EventJunction}
TID: [-1234] [] [2018-05-23 13:59:37,670]  INFO {org.wso2.carbon.event.receiver.core.EventReceiverDeployer} -  Event Receiver configuration successfully deployed and in active state: throttleWSO2EventReceiver {org.wso2.carbon.event.receiver.core.EventReceiverDeployer}
TID: [-1234] [] [2018-05-23 13:59:38,101]  INFO {org.wso2.carbon.event.stream.core.internal.EventJunction} -  Producer added to the junction. Stream:org.wso2.throttle.processed.request.stream:1.0.0 {org.wso2.carbon.event.stream.core.internal.EventJunction}
TID: [-1234] [] [2018-05-23 13:59:38,104]  INFO {org.wso2.carbon.event.stream.core.internal.EventJunction} -  Consumer added to the junction. Stream:org.wso2.throttle.request.stream:1.0.0 {org.wso2.carbon.event.stream.core.internal.EventJunction}
TID: [-1234] [] [2018-05-23 13:59:38,104]  INFO {org.wso2.carbon.event.processor.core.EventProcessorDeployer} -  Execution plan is deployed successfully and in active state  : requestPreProcessorExecutionPlan {org.wso2.carbon.event.processor.core.EventProcessorDeployer}
TID: [-1234] [] [2018-05-23 13:59:38,307]  INFO {org.wso2.carbon.event.stream.core.internal.EventJunction} -  Producer added to the junction. Stream:org.wso2.throttle.globalThrottle.stream:1.0.0 {org.wso2.carbon.event.stream.core.internal.EventJunction}
TID: [-1234] [] [2018-05-23 13:59:38,307]  INFO {org.wso2.carbon.event.stream.core.internal.EventJunction} -  Consumer added to the junction. Stream:org.wso2.throttle.processed.request.stream:1.0.0 {org.wso2.carbon.event.stream.core.internal.EventJunction}
TID: [-1234] [] [2018-05-23 13:59:38,307]  INFO {org.wso2.carbon.event.processor.core.EventProcessorDeployer} -  Execution plan is deployed successfully and in active state  : carbon.super_app_10PerMin {org.wso2.carbon.event.processor.core.EventProcessorDeployer}
TID: [-1234] [] [2018-05-23 13:59:38,354]  INFO {org.wso2.carbon.event.stream.core.internal.EventJunction} -  Producer added to the junction. Stream:org.wso2.throttle.globalThrottle.stream:1.0.0 {org.wso2.carbon.event.stream.core.internal.EventJunction}
TID: [-1234] [] [2018-05-23 13:59:38,354]  INFO {org.wso2.carbon.event.stream.core.internal.EventJunction} -  Consumer added to the junction. Stream:org.wso2.throttle.processed.request.stream:1.0.0 {org.wso2.carbon.event.stream.core.internal.EventJunction}
TID: [-1234] [] [2018-05-23 13:59:38,354]  INFO {org.wso2.carbon.event.processor.core.EventProcessorDeployer} -  Execution plan is deployed successfully and in active state  : carbon.super_app_20PerMin {org.wso2.carbon.event.processor.core.EventProcessorDeployer}
TID: [-1234] [] [2018-05-23 13:59:38,404]  INFO {org.wso2.carbon.event.stream.core.internal.EventJunction} -  Producer added to the junction. Stream:org.wso2.throttle.globalThrottle.stream:1.0.0 {org.wso2.carbon.event.stream.core.internal.EventJunction}
TID: [-1234] [] [2018-05-23 13:59:38,405]  INFO {org.wso2.carbon.event.stream.core.internal.EventJunction} -  Consumer added to the junction. Stream:org.wso2.throttle.processed.request.stream:1.0.0 {org.wso2.carbon.event.stream.core.internal.EventJunction}
TID: [-1234] [] [2018-05-23 13:59:38,406]  INFO {org.wso2.carbon.event.processor.core.EventProcessorDeployer} -  Execution plan is deployed successfully and in active state  : carbon.super_app_50PerMin {org.wso2.carbon.event.processor.core.EventProcessorDeployer}
TID: [-1234] [] [2018-05-23 13:59:38,456]  INFO {org.wso2.carbon.event.stream.core.internal.EventJunction} -  Producer added to the junction. Stream:org.wso2.throttle.globalThrottle.stream:1.0.0 {org.wso2.carbon.event.stream.core.internal.EventJunction}
TID: [-1234] [] [2018-05-23 13:59:38,457]  INFO {org.wso2.carbon.event.stream.core.internal.EventJunction} -  Consumer added to the junction. Stream:org.wso2.throttle.processed.request.stream:1.0.0 {org.wso2.carbon.event.stream.core.internal.EventJunction}
TID: [-1234] [] [2018-05-23 13:59:38,457]  INFO {org.wso2.carbon.event.processor.core.EventProcessorDeployer} -  Execution plan is deployed successfully and in active state  : carbon.super_resource_10KPerMin_default {org.wso2.carbon.event.processor.core.EventProcessorDeployer}
TID: [-1234] [] [2018-05-23 13:59:38,505]  INFO {org.wso2.carbon.event.stream.core.internal.EventJunction} -  Producer added to the junction. Stream:org.wso2.throttle.globalThrottle.stream:1.0.0 {org.wso2.carbon.event.stream.core.internal.EventJunction}
TID: [-1234] [] [2018-05-23 13:59:38,505]  INFO {org.wso2.carbon.event.stream.core.internal.EventJunction} -  Consumer added to the junction. Stream:org.wso2.throttle.processed.request.stream:1.0.0 {org.wso2.carbon.event.stream.core.internal.EventJunction}
TID: [-1234] [] [2018-05-23 13:59:38,506]  INFO {org.wso2.carbon.event.processor.core.EventProcessorDeployer} -  Execution plan is deployed successfully and in active state  : carbon.super_resource_20KPerMin_default {org.wso2.carbon.event.processor.core.EventProcessorDeployer}
TID: [-1234] [] [2018-05-23 13:59:38,554]  INFO {org.wso2.carbon.event.stream.core.internal.EventJunction} -  Producer added to the junction. Stream:org.wso2.throttle.globalThrottle.stream:1.0.0 {org.wso2.carbon.event.stream.core.internal.EventJunction}
TID: [-1234] [] [2018-05-23 13:59:38,554]  INFO {org.wso2.carbon.event.stream.core.internal.EventJunction} -  Consumer added to the junction. Stream:org.wso2.throttle.processed.request.stream:1.0.0 {org.wso2.carbon.event.stream.core.internal.EventJunction}
TID: [-1234] [] [2018-05-23 13:59:38,555]  INFO {org.wso2.carbon.event.processor.core.EventProcessorDeployer} -  Execution plan is deployed successfully and in active state  : carbon.super_resource_50KPerMin_default {org.wso2.carbon.event.processor.core.EventProcessorDeployer}
TID: [-1234] [] [2018-05-23 13:59:38,607]  INFO {org.wso2.carbon.event.stream.core.internal.EventJunction} -  Producer added to the junction. Stream:org.wso2.throttle.globalThrottle.stream:1.0.0 {org.wso2.carbon.event.stream.core.internal.EventJunction}
TID: [-1234] [] [2018-05-23 13:59:38,608]  INFO {org.wso2.carbon.event.stream.core.internal.EventJunction} -  Consumer added to the junction. Stream:org.wso2.throttle.processed.request.stream:1.0.0 {org.wso2.carbon.event.stream.core.internal.EventJunction}
TID: [-1234] [] [2018-05-23 13:59:38,608]  INFO {org.wso2.carbon.event.processor.core.EventProcessorDeployer} -  Execution plan is deployed successfully and in active state  : carbon.super_sub_Bronze {org.wso2.carbon.event.processor.core.EventProcessorDeployer}
TID: [-1234] [] [2018-05-23 13:59:38,656]  INFO {org.wso2.carbon.event.stream.core.internal.EventJunction} -  Producer added to the junction. Stream:org.wso2.throttle.globalThrottle.stream:1.0.0 {org.wso2.carbon.event.stream.core.internal.EventJunction}
TID: [-1234] [] [2018-05-23 13:59:38,656]  INFO {org.wso2.carbon.event.stream.core.internal.EventJunction} -  Consumer added to the junction. Stream:org.wso2.throttle.processed.request.stream:1.0.0 {org.wso2.carbon.event.stream.core.internal.EventJunction}
TID: [-1234] [] [2018-05-23 13:59:38,656]  INFO {org.wso2.carbon.event.processor.core.EventProcessorDeployer} -  Execution plan is deployed successfully and in active state  : carbon.super_sub_Gold {org.wso2.carbon.event.processor.core.EventProcessorDeployer}
TID: [-1234] [] [2018-05-23 13:59:38,697]  INFO {org.wso2.carbon.event.stream.core.internal.EventJunction} -  Producer added to the junction. Stream:org.wso2.throttle.globalThrottle.stream:1.0.0 {org.wso2.carbon.event.stream.core.internal.EventJunction}
TID: [-1234] [] [2018-05-23 13:59:38,698]  INFO {org.wso2.carbon.event.stream.core.internal.EventJunction} -  Consumer added to the junction. Stream:org.wso2.throttle.processed.request.stream:1.0.0 {org.wso2.carbon.event.stream.core.internal.EventJunction}
TID: [-1234] [] [2018-05-23 13:59:38,698]  INFO {org.wso2.carbon.event.processor.core.EventProcessorDeployer} -  Execution plan is deployed successfully and in active state  : carbon.super_sub_Silver {org.wso2.carbon.event.processor.core.EventProcessorDeployer}
TID: [-1234] [] [2018-05-23 13:59:38,876]  INFO {org.wso2.carbon.event.stream.core.internal.EventJunction} -  Producer added to the junction. Stream:org.wso2.throttle.globalThrottle.stream:1.0.0 {org.wso2.carbon.event.stream.core.internal.EventJunction}
TID: [-1234] [] [2018-05-23 13:59:38,877]  INFO {org.wso2.carbon.event.stream.core.internal.EventJunction} -  Consumer added to the junction. Stream:org.wso2.throttle.processed.request.stream:1.0.0 {org.wso2.carbon.event.stream.core.internal.EventJunction}
TID: [-1234] [] [2018-05-23 13:59:38,877]  INFO {org.wso2.carbon.event.processor.core.EventProcessorDeployer} -  Execution plan is deployed successfully and in active state  : carbon.super_sub_Unauthenticated {org.wso2.carbon.event.processor.core.EventProcessorDeployer}
TID: [-1234] [] [2018-05-23 13:59:40,663]  INFO {org.wso2.carbon.webapp.mgt.TomcatGenericWebappsDeployer} -  Deployed webapp: StandardEngine[Catalina].StandardHost[localhost].StandardContext[/am/sample/calculator/v1].File[/Users/kaveh/Documents/Sogeti/docker-apim/dockerfiles/apim/files/wso2am-2.2.0/repository/deployment/server/webapps/am#sample#calculator#v1.war] {org.wso2.carbon.webapp.mgt.TomcatGenericWebappsDeployer}
TID: [-1] [] [2018-05-23 13:59:41,513]  INFO {org.wso2.carbon.identity.entitlement.internal.SchemaBuilder} -  XACML policy schema loaded successfully. {org.wso2.carbon.identity.entitlement.internal.SchemaBuilder}
TID: [-1234] [] [2018-05-23 13:59:42,430]  INFO {org.wso2.carbon.webapp.mgt.TomcatGenericWebappsDeployer} -  Deployed webapp: StandardEngine[Catalina].StandardHost[localhost].StandardContext[/am/sample/pizzashack/v1].File[/Users/kaveh/Documents/Sogeti/docker-apim/dockerfiles/apim/files/wso2am-2.2.0/repository/deployment/server/webapps/am#sample#pizzashack#v1.war] {org.wso2.carbon.webapp.mgt.TomcatGenericWebappsDeployer}
TID: [-1234] [] [2018-05-23 13:59:44,663]  INFO {org.wso2.carbon.webapp.mgt.TomcatGenericWebappsDeployer} -  Deployed webapp: StandardEngine[Catalina].StandardHost[localhost].StandardContext[/api/am/admin/v0.12].File[/Users/kaveh/Documents/Sogeti/docker-apim/dockerfiles/apim/files/wso2am-2.2.0/repository/deployment/server/webapps/api#am#admin#v0.12.war] {org.wso2.carbon.webapp.mgt.TomcatGenericWebappsDeployer}
TID: [-1234] [] [2018-05-23 13:59:47,001]  INFO {org.wso2.carbon.webapp.mgt.TomcatGenericWebappsDeployer} -  Deployed webapp: StandardEngine[Catalina].StandardHost[localhost].StandardContext[/api/am/publisher/v0.12].File[/Users/kaveh/Documents/Sogeti/docker-apim/dockerfiles/apim/files/wso2am-2.2.0/repository/deployment/server/webapps/api#am#publisher#v0.12.war] {org.wso2.carbon.webapp.mgt.TomcatGenericWebappsDeployer}
TID: [-1234] [] [2018-05-23 13:59:49,745]  INFO {org.wso2.carbon.webapp.mgt.TomcatGenericWebappsDeployer} -  Deployed webapp: StandardEngine[Catalina].StandardHost[localhost].StandardContext[/api/am/store/v0.12].File[/Users/kaveh/Documents/Sogeti/docker-apim/dockerfiles/apim/files/wso2am-2.2.0/repository/deployment/server/webapps/api#am#store#v0.12.war] {org.wso2.carbon.webapp.mgt.TomcatGenericWebappsDeployer}
TID: [-1234] [] [2018-05-23 13:59:52,102]  INFO {org.apache.cxf.endpoint.ServerImpl} -  Setting the server's publish address to be / {org.apache.cxf.endpoint.ServerImpl}
TID: [-1234] [] [2018-05-23 13:59:52,259]  INFO {org.wso2.carbon.webapp.mgt.TomcatGenericWebappsDeployer} -  Deployed webapp: StandardEngine[Catalina].StandardHost[localhost].StandardContext[/api/identity/consent-mgt/v1.0].File[/Users/kaveh/Documents/Sogeti/docker-apim/dockerfiles/apim/files/wso2am-2.2.0/repository/deployment/server/webapps/api#identity#consent-mgt#v1.0.war] {org.wso2.carbon.webapp.mgt.TomcatGenericWebappsDeployer}
TID: [-1234] [] [2018-05-23 13:59:53,948]  INFO {org.wso2.carbon.identity.application.authentication.endpoint.util.TenantDataManager} -  EndpointConfig.properties file loaded from ./repository/conf/identity/EndpointConfig.properties {org.wso2.carbon.identity.application.authentication.endpoint.util.TenantDataManager}
TID: [-1234] [] [2018-05-23 13:59:56,112]  INFO {org.wso2.carbon.webapp.mgt.TomcatGenericWebappsDeployer} -  Deployed webapp: StandardEngine[Catalina].StandardHost[localhost].StandardContext[/authenticationendpoint].File[/Users/kaveh/Documents/Sogeti/docker-apim/dockerfiles/apim/files/wso2am-2.2.0/repository/deployment/server/webapps/authenticationendpoint.war] {org.wso2.carbon.webapp.mgt.TomcatGenericWebappsDeployer}
TID: [-1] [] [2018-05-23 13:59:58,094]  WARN {org.wso2.carbon.apimgt.gateway.throttling.util.KeyTemplateRetriever} -  Failed retrieving throttling data from remote endpoint: Connection refused (Connection refused). Retrying after 15 seconds... {org.wso2.carbon.apimgt.gateway.throttling.util.KeyTemplateRetriever}
TID: [-1] [] [2018-05-23 13:59:58,094]  WARN {org.wso2.carbon.apimgt.gateway.throttling.util.BlockingConditionRetriever} -  Failed retrieving Blocking Conditions from remote endpoint: Connection refused (Connection refused). Retrying after 15 seconds... {org.wso2.carbon.apimgt.gateway.throttling.util.BlockingConditionRetriever}
TID: [-1234] [] [2018-05-23 13:59:58,859]  INFO {org.wso2.carbon.webapp.mgt.TomcatGenericWebappsDeployer} -  Deployed webapp: StandardEngine[Catalina].StandardHost[localhost].StandardContext[/client-registration/v0.12].File[/Users/kaveh/Documents/Sogeti/docker-apim/dockerfiles/apim/files/wso2am-2.2.0/repository/deployment/server/webapps/client-registration#v0.12.war] {org.wso2.carbon.webapp.mgt.TomcatGenericWebappsDeployer}
TID: [-1234] [] [2018-05-23 14:00:02,382]  INFO {org.wso2.carbon.webapp.mgt.TomcatGenericWebappsDeployer} -  Deployed webapp: StandardEngine[Catalina].StandardHost[localhost].StandardContext[/micro-gateway/v0.9].File[/Users/kaveh/Documents/Sogeti/docker-apim/dockerfiles/apim/files/wso2am-2.2.0/repository/deployment/server/webapps/micro-gateway#v0.9.war] {org.wso2.carbon.webapp.mgt.TomcatGenericWebappsDeployer}
TID: [-1234] [] [2018-05-23 14:00:04,231]  INFO {org.wso2.carbon.webapp.mgt.TomcatGenericWebappsDeployer} -  Deployed webapp: StandardEngine[Catalina].StandardHost[localhost].StandardContext[/oauth2].File[/Users/kaveh/Documents/Sogeti/docker-apim/dockerfiles/apim/files/wso2am-2.2.0/repository/deployment/server/webapps/oauth2.war] {org.wso2.carbon.webapp.mgt.TomcatGenericWebappsDeployer}
TID: [-1234] [] [2018-05-23 14:00:05,855]  INFO {org.wso2.carbon.webapp.mgt.TomcatGenericWebappsDeployer} -  Deployed webapp: StandardEngine[Catalina].StandardHost[localhost].StandardContext[/throttle/data/v1].File[/Users/kaveh/Documents/Sogeti/docker-apim/dockerfiles/apim/files/wso2am-2.2.0/repository/deployment/server/webapps/throttle#data#v1.war] {org.wso2.carbon.webapp.mgt.TomcatGenericWebappsDeployer}
TID: [-1234] [] [2018-05-23 14:00:06,487]  INFO {org.apache.synapse.Axis2SynapseController} -  Deploying the Synapse service... {org.apache.synapse.Axis2SynapseController}
TID: [-1234] [] [2018-05-23 14:00:06,488]  INFO {org.apache.synapse.Axis2SynapseController} -  Deploying Proxy services... {org.apache.synapse.Axis2SynapseController}
TID: [-1234] [] [2018-05-23 14:00:06,489]  INFO {org.apache.synapse.core.axis2.ProxyService} -  Building Axis service for Proxy service : WorkflowCallbackService {org.apache.synapse.core.axis2.ProxyService}
TID: [-1234] [] [2018-05-23 14:00:06,498]  INFO {org.apache.synapse.core.axis2.ProxyService} -  Adding service WorkflowCallbackService to the Axis2 configuration {org.apache.synapse.core.axis2.ProxyService}
TID: [-1234] [] [2018-05-23 14:00:06,498]  INFO {org.wso2.carbon.core.deployment.DeploymentInterceptor} -  Deploying Axis2 service: WorkflowCallbackService {super-tenant} {org.wso2.carbon.core.deployment.DeploymentInterceptor}
TID: [-1234] [] [2018-05-23 14:00:06,499]  INFO {org.apache.synapse.core.axis2.ProxyService} -  Successfully created the Axis2 service for Proxy service : WorkflowCallbackService {org.apache.synapse.core.axis2.ProxyService}
TID: [-1234] [] [2018-05-23 14:00:06,499]  INFO {org.apache.synapse.Axis2SynapseController} -  Deployed Proxy service : WorkflowCallbackService {org.apache.synapse.Axis2SynapseController}
TID: [-1234] [] [2018-05-23 14:00:06,499]  INFO {org.apache.synapse.Axis2SynapseController} -  Deploying EventSources... {org.apache.synapse.Axis2SynapseController}
TID: [-1234] [] [2018-05-23 14:00:06,519]  INFO {org.apache.synapse.inbound.InboundEndpoint} -  Initializing Inbound Endpoint: WebSocketInboundEndpoint {org.apache.synapse.inbound.InboundEndpoint}
TID: [-1234] [] [2018-05-23 14:00:06,536]  INFO {org.wso2.carbon.inbound.endpoint.persistence.InboundEndpointsDataStore} -  Inbound endpoint registry data not found, so re-initializing registry data {org.wso2.carbon.inbound.endpoint.persistence.InboundEndpointsDataStore}
TID: [-1] [] [2018-05-23 14:00:06,734]  INFO {org.wso2.carbon.databridge.core.DataBridge} -  user admin connected {org.wso2.carbon.databridge.core.DataBridge}
TID: [-1234] [] [2018-05-23 14:00:06,767]  INFO {org.wso2.carbon.inbound.endpoint.protocol.websocket.management.WebsocketEndpointManager} -  Netty Listener starting on port 9099 {org.wso2.carbon.inbound.endpoint.protocol.websocket.management.WebsocketEndpointManager}
TID: [-1234] [] [2018-05-23 14:00:06,768]  INFO {org.apache.synapse.inbound.InboundEndpoint} -  Initializing Inbound Endpoint: SecureWebSocketEP {org.apache.synapse.inbound.InboundEndpoint}
TID: [-1234] [] [2018-05-23 14:00:06,789]  INFO {org.wso2.carbon.inbound.endpoint.protocol.websocket.management.WebsocketEndpointManager} -  Netty SSL Listener starting on port 8099 {org.wso2.carbon.inbound.endpoint.protocol.websocket.management.WebsocketEndpointManager}
TID: [-1234] [] [2018-05-23 14:00:06,794]  INFO {org.apache.synapse.rest.API} -  Initializing API: _WSO2AMAuthorizeAPI_ {org.apache.synapse.rest.API}
TID: [-1234] [] [2018-05-23 14:00:06,794]  INFO {org.apache.synapse.rest.API} -  Initializing API: _WSO2AMUserInfoAPI_ {org.apache.synapse.rest.API}
TID: [-1234] [] [2018-05-23 14:00:06,795]  INFO {org.apache.synapse.rest.API} -  Initializing API: _WSO2AMRevokeAPI_ {org.apache.synapse.rest.API}
TID: [-1234] [] [2018-05-23 14:00:06,795]  INFO {org.apache.synapse.rest.API} -  Initializing API: _WSO2AMTokenAPI_ {org.apache.synapse.rest.API}
TID: [-1234] [] [2018-05-23 14:00:06,795]  INFO {org.apache.synapse.ServerManager} -  Server ready for processing... {org.apache.synapse.ServerManager}
TID: [-1234] [] [2018-05-23 14:00:07,029]  INFO {org.wso2.carbon.inbound.endpoint.protocol.websocket.management.WebsocketEndpointManager} -  Netty Listener already started on port 8099 {org.wso2.carbon.inbound.endpoint.protocol.websocket.management.WebsocketEndpointManager}
TID: [-1234] [] [2018-05-23 14:00:07,029]  INFO {org.wso2.carbon.inbound.endpoint.protocol.websocket.management.WebsocketEndpointManager} -  Netty Listener already started on port 9099 {org.wso2.carbon.inbound.endpoint.protocol.websocket.management.WebsocketEndpointManager}
TID: [-1234] [] [2018-05-23 14:00:07,151]  INFO {org.wso2.andes.configuration.AndesConfigurationManager} -  Main andes configuration located at : /Users/kaveh/Documents/Sogeti/docker-apim/dockerfiles/apim/files/wso2am-2.2.0/repository/conf/broker.xml {org.wso2.andes.configuration.AndesConfigurationManager}
TID: [-1234] [] [2018-05-23 14:00:07,187]  INFO {org.wso2.carbon.andes.internal.QpidServiceComponent} -  Activating Andes Message Broker Engine... {org.wso2.carbon.andes.internal.QpidServiceComponent}
TID: [-1234] [] [2018-05-23 14:00:07,211]  INFO {org.wso2.andes.server.Broker} -  Starting Qpid using configuration : /Users/kaveh/Documents/Sogeti/docker-apim/dockerfiles/apim/files/wso2am-2.2.0/repository/conf/advanced/qpid-config.xml {org.wso2.andes.server.Broker}
TID: [-1234] [] [2018-05-23 14:00:07,274]  INFO {org.wso2.andes.server.registry.ApplicationRegistry} -  Initialising Application Registry(org.wso2.andes.server.registry.ConfigurationFileApplicationRegistry@3353d3fc) {org.wso2.andes.server.registry.ApplicationRegistry}
TID: [-1] [] [2018-05-23 14:00:13,100]  WARN {org.wso2.carbon.apimgt.gateway.throttling.util.BlockingConditionRetriever} -  Failed retrieving Blocking Conditions from remote endpoint: Connection refused (Connection refused). Retrying after 15 seconds... {org.wso2.carbon.apimgt.gateway.throttling.util.BlockingConditionRetriever}
TID: [-1] [] [2018-05-23 14:00:13,100]  WARN {org.wso2.carbon.apimgt.gateway.throttling.util.KeyTemplateRetriever} -  Failed retrieving throttling data from remote endpoint: Connection refused (Connection refused). Retrying after 15 seconds... {org.wso2.carbon.apimgt.gateway.throttling.util.KeyTemplateRetriever}
TID: [-1234] [] [2018-05-23 14:00:17,307]  INFO {org.wso2.andes.server.plugins.PluginManager} -  Opened service trackers {org.wso2.andes.server.plugins.PluginManager}
TID: [-1234] [] [2018-05-23 14:00:17,414]  INFO {org.wso2.andes.server.management.JMXManagedObjectRegistry} -  Initialising managed object registry using jplatform MBean server {org.wso2.andes.server.management.JMXManagedObjectRegistry}
TID: [-1234] [] [2018-05-23 14:00:17,419]  INFO {org.wso2.andes.server.security.auth.manager.PrincipalDatabaseAuthenticationManager} -  PrincipalDatabase concrete implementation : org.wso2.carbon.andes.authentication.andes.CarbonBasedPrincipalDatabase {org.wso2.andes.server.security.auth.manager.PrincipalDatabaseAuthenticationManager}
TID: [-1234] [] [2018-05-23 14:00:17,423]  INFO {org.wso2.andes.server.security.auth.manager.PrincipalDatabaseAuthenticationManager} -  Initialised PLAIN SASL provider successfully {org.wso2.andes.server.security.auth.manager.PrincipalDatabaseAuthenticationManager}
TID: [-1234] [] [2018-05-23 14:00:17,423]  INFO {org.wso2.andes.server.security.auth.manager.PrincipalDatabaseAuthenticationManager} -  Additional SASL providers successfully registered. {org.wso2.andes.server.security.auth.manager.PrincipalDatabaseAuthenticationManager}
TID: [-1234] [] [2018-05-23 14:00:17,424]  INFO {org.wso2.andes.server.security.auth.manager.PrincipalDatabaseAuthenticationManager} -  Registering UserManagementMBean {org.wso2.andes.server.security.auth.manager.PrincipalDatabaseAuthenticationManager}
TID: [-1234] [] [2018-05-23 14:00:17,519]  INFO {org.wso2.andes.store.rdbms.RDBMSConnection} -  JDBC connection established with jndi config WSO2MBStoreDB {org.wso2.andes.store.rdbms.RDBMSConnection}
TID: [-1234] [] [2018-05-23 14:00:17,534]  INFO {org.wso2.andes.store.rdbms.RDBMSAndesContextStoreImpl} -  Andes Context Store initialised {org.wso2.andes.store.rdbms.RDBMSAndesContextStoreImpl}
TID: [-1234] [] [2018-05-23 14:00:17,534]  INFO {org.wso2.andes.kernel.AndesKernelBoot} -  AndesContextStore initialised with org.wso2.andes.store.rdbms.RDBMSAndesContextStoreImpl {org.wso2.andes.kernel.AndesKernelBoot}
TID: [-1234] [] [2018-05-23 14:00:17,623]  INFO {org.wso2.andes.store.rdbms.RDBMSConnection} -  JDBC connection established with jndi config WSO2MBStoreDB {org.wso2.andes.store.rdbms.RDBMSConnection}
TID: [-1234] [] [2018-05-23 14:00:17,632]  INFO {org.wso2.andes.store.rdbms.RDBMSMessageStoreImpl} -  Message Store initialised {org.wso2.andes.store.rdbms.RDBMSMessageStoreImpl}
TID: [-1234] [] [2018-05-23 14:00:17,632]  INFO {org.wso2.andes.kernel.AndesKernelBoot} -  Andes MessageStore initialised with org.wso2.andes.store.rdbms.RDBMSMessageStoreImpl {org.wso2.andes.kernel.AndesKernelBoot}
TID: [-1234] [] [2018-05-23 14:00:17,643]  WARN {org.wso2.andes.configuration.AndesConfigurationManager} -  Error when trying to read property : transaction/maxWaitTimeout. Switching to default value : 30 {org.wso2.andes.configuration.AndesConfigurationManager}
TID: [-1234] [] [2018-05-23 14:00:17,688]  INFO {org.wso2.andes.kernel.Andes} -  Andes API initialised. {org.wso2.andes.kernel.Andes}
TID: [-1234] [] [2018-05-23 14:00:17,747]  INFO {org.wso2.andes.kernel.AndesChannel} -  Channel created (ID: Internel_channel) {org.wso2.andes.kernel.AndesChannel}
TID: [-1] [] [2018-05-23 14:00:24,980]  WARN {org.wso2.carbon.application.deployer.internal.AppDeployerServiceComponent} -  Waiting for required OSGi services: org.wso2.carbon.application.deployer.synapse.service.SynapseAppDeployerService, {org.wso2.carbon.application.deployer.internal.AppDeployerServiceComponent}
TID: [-1] [] [2018-05-23 14:00:24,993]  WARN {org.wso2.carbon.core.internal.StartupFinalizerServiceComponent} -  Waiting for required OSGi services: org.wso2.carbon.application.deployer.service.CappDeploymentService,org.wso2.carbon.throttling.agent.ThrottlingAgent, {org.wso2.carbon.core.internal.StartupFinalizerServiceComponent}
TID: [-1234] [] [2018-05-23 14:00:27,763]  INFO {org.wso2.andes.server.cluster.ClusterManager} -  Clearing the Persisted State of Node with ID NODEKavehs-MacBook-Pro.local/192.168.178.214 {org.wso2.andes.server.cluster.ClusterManager}
TID: [-1] [] [2018-05-23 14:00:28,105]  WARN {org.wso2.carbon.apimgt.gateway.throttling.util.KeyTemplateRetriever} -  Failed retrieving throttling data from remote endpoint: Connection refused (Connection refused). Retrying after 15 seconds... {org.wso2.carbon.apimgt.gateway.throttling.util.KeyTemplateRetriever}
TID: [-1] [] [2018-05-23 14:00:28,105]  WARN {org.wso2.carbon.apimgt.gateway.throttling.util.BlockingConditionRetriever} -  Failed retrieving Blocking Conditions from remote endpoint: Connection refused (Connection refused). Retrying after 15 seconds... {org.wso2.carbon.apimgt.gateway.throttling.util.BlockingConditionRetriever}
TID: [-1234] [] [2018-05-23 14:00:37,769]  INFO {org.wso2.andes.server.cluster.ClusterManager} -  Initializing Standalone Mode. Current Node ID:NODEKavehs-MacBook-Pro.local/192.168.178.214 192.168.178.214 {org.wso2.andes.server.cluster.ClusterManager}
TID: [-1] [] [2018-05-23 14:00:43,110]  WARN {org.wso2.carbon.apimgt.gateway.throttling.util.BlockingConditionRetriever} -  Failed retrieving Blocking Conditions from remote endpoint: Connection refused (Connection refused). Retrying after 15 seconds... {org.wso2.carbon.apimgt.gateway.throttling.util.BlockingConditionRetriever}
TID: [-1] [] [2018-05-23 14:00:43,110]  WARN {org.wso2.carbon.apimgt.gateway.throttling.util.KeyTemplateRetriever} -  Failed retrieving throttling data from remote endpoint: Connection refused (Connection refused). Retrying after 15 seconds... {org.wso2.carbon.apimgt.gateway.throttling.util.KeyTemplateRetriever}
TID: [-1234] [] [2018-05-23 14:00:47,780]  INFO {org.wso2.andes.kernel.AndesSubscriptionManager} -  Deactivated all active durable subscriptions {org.wso2.andes.kernel.AndesSubscriptionManager}
TID: [-1234] [] [2018-05-23 14:00:47,781]  INFO {org.wso2.andes.kernel.AndesKernelBoot} -  Syncing exchanges, queues, bindings and subscriptions {org.wso2.andes.kernel.AndesKernelBoot}
TID: [-1234] [] [2018-05-23 14:00:47,785]  INFO {org.wso2.andes.kernel.Andes} -  Starting Safe Zone Calculator for slots. {org.wso2.andes.kernel.Andes}
TID: [-1234] [] [2018-05-23 14:00:47,848]  INFO {qpid.message.broker.listening} -  [Broker] BRK-1002 : Starting : Listening on TCP port 5672 {qpid.message.broker.listening}
TID: [-1234] [] [2018-05-23 14:00:47,853]  INFO {qpid.message.broker.listening} -  [Broker] BRK-1002 : Starting : Listening on TCP/SSL port 8672 {qpid.message.broker.listening}
TID: [-1] [] [2018-05-23 14:00:47,867]  INFO {org.wso2.andes.kernel.MessagingEngine} -  Starting SlotDelivery Workers. {org.wso2.andes.kernel.MessagingEngine}
TID: [-1] [] [2018-05-23 14:00:47,871]  INFO {org.wso2.andes.kernel.MessagingEngine} -  Start Disruptor writing messages to store. {org.wso2.andes.kernel.MessagingEngine}
TID: [-1234] [] [2018-05-23 14:00:47,924]  INFO {org.wso2.andes.server.virtualhost.VirtualHostConfigSynchronizer} -  Queue sync - Added Queue: DeadLetterChannel, Owner: admin, IsExclusive: false, Arguments: null {org.wso2.andes.server.virtualhost.VirtualHostConfigSynchronizer}
TID: [-1234] [] [2018-05-23 14:00:47,924]  INFO {org.wso2.andes.server.queue.DLCQueueUtils} -  DeadLetterChannel Queue Created as Dead Letter Channel {org.wso2.andes.server.queue.DLCQueueUtils}
TID: [-1234] [] [2018-05-23 14:00:57,935]  INFO {org.wso2.carbon.andes.internal.QpidServiceComponent} -  AMQP Host Address : 0.0.0.0 Port : 5672 {org.wso2.carbon.andes.internal.QpidServiceComponent}
TID: [-1234] [] [2018-05-23 14:00:57,936]  INFO {org.wso2.carbon.andes.internal.QpidServiceComponent} -  Successfully connected to AMQP server on port 5672 {org.wso2.carbon.andes.internal.QpidServiceComponent}
TID: [-1234] [] [2018-05-23 14:00:57,937]  WARN {org.wso2.carbon.andes.internal.QpidServiceComponent} -  MQTT Transport is disabled as per configuration. {org.wso2.carbon.andes.internal.QpidServiceComponent}
TID: [-1234] [] [2018-05-23 14:00:57,937]  INFO {org.wso2.carbon.andes.internal.QpidServiceComponent} -  WSO2 Message Broker is started. {org.wso2.carbon.andes.internal.QpidServiceComponent}
TID: [-1234] [] [2018-05-23 14:00:57,966]  INFO {org.wso2.carbon.apimgt.jms.listener.utils.JMSConnectionFactory} -  JMS ConnectionFactory : Siddhi-JMS-Consumer initialized {org.wso2.carbon.apimgt.jms.listener.utils.JMSConnectionFactory}
TID: [-1234] [] [2018-05-23 14:00:57,976]  INFO {org.wso2.carbon.apimgt.jms.listener.utils.JMSTransportHandler} -  Starting jms topic consumer thread... {org.wso2.carbon.apimgt.jms.listener.utils.JMSTransportHandler}
TID: [-1] [] [2018-05-23 14:00:58,117]  WARN {org.wso2.carbon.apimgt.gateway.throttling.util.KeyTemplateRetriever} -  Failed retrieving throttling data from remote endpoint: Connection refused (Connection refused). Retrying after 15 seconds... {org.wso2.carbon.apimgt.gateway.throttling.util.KeyTemplateRetriever}
TID: [-1] [] [2018-05-23 14:00:58,117]  WARN {org.wso2.carbon.apimgt.gateway.throttling.util.BlockingConditionRetriever} -  Failed retrieving Blocking Conditions from remote endpoint: Connection refused (Connection refused). Retrying after 15 seconds... {org.wso2.carbon.apimgt.gateway.throttling.util.BlockingConditionRetriever}
TID: [-1] [] [2018-05-23 14:00:58,274]  INFO {org.wso2.andes.client.security.DynamicSaslRegistrar} -  Additional SASL providers successfully registered. {org.wso2.andes.client.security.DynamicSaslRegistrar}
TID: [-1] [] [2018-05-23 14:00:58,276]  INFO {org.wso2.andes.client.security.CallbackHandlerRegistry} -  Callback handlers available for SASL mechanisms: CRAM-MD5 CRAM-MD5-HASHED AMQPLAIN PLAIN {org.wso2.andes.client.security.CallbackHandlerRegistry}
TID: [-1] [] [2018-05-23 14:00:58,291]  INFO {org.wso2.andes.server.handler.ConnectionStartOkMethodHandler} -  SASL Mechanism selected: PLAIN {org.wso2.andes.server.handler.ConnectionStartOkMethodHandler}
TID: [-1] [] [2018-05-23 14:00:58,291]  INFO {org.wso2.andes.server.handler.ConnectionStartOkMethodHandler} -  Locale selected: en_US {org.wso2.andes.server.handler.ConnectionStartOkMethodHandler}
TID: [-1234] [] [2018-05-23 14:00:58,300]  INFO {org.wso2.andes.server.handler.ConnectionStartOkMethodHandler} -  Connected as: admin {org.wso2.andes.server.handler.ConnectionStartOkMethodHandler}
TID: [-1234] [] [2018-05-23 14:00:58,301]  INFO {org.wso2.andes.server.handler.ConnectionStartOkMethodHandler} -  Framesize set to 65535 {org.wso2.andes.server.handler.ConnectionStartOkMethodHandler}
TID: [-1] [] [2018-05-23 14:00:58,324]  INFO {org.wso2.andes.server.handler.ConnectionCloseMethodHandler} -  ConnectionClose received with reply code/reply text 200/JMS client is closing the connection. for /192.168.178.214:54781(admin) {org.wso2.andes.server.handler.ConnectionCloseMethodHandler}
TID: [-1] [] [2018-05-23 14:00:58,327]  INFO {org.wso2.carbon.apimgt.jms.listener.utils.JMSListener} -  Connection attempt: 1 for JMS Provider for listener: Siddhi-JMS-Consumer#throttleData was successful! {org.wso2.carbon.apimgt.jms.listener.utils.JMSListener}
TID: [-1] [] [2018-05-23 14:00:58,333]  INFO {org.wso2.carbon.apimgt.jms.listener.utils.JMSTaskManager} -  Task manager for Siddhi-JMS-Consumer [re-]initialized {org.wso2.carbon.apimgt.jms.listener.utils.JMSTaskManager}
TID: [-1] [] [2018-05-23 14:00:58,347]  INFO {org.wso2.andes.server.handler.ConnectionStartOkMethodHandler} -  SASL Mechanism selected: PLAIN {org.wso2.andes.server.handler.ConnectionStartOkMethodHandler}
TID: [-1] [] [2018-05-23 14:00:58,347]  INFO {org.wso2.andes.server.handler.ConnectionStartOkMethodHandler} -  Locale selected: en_US {org.wso2.andes.server.handler.ConnectionStartOkMethodHandler}
TID: [-1234] [] [2018-05-23 14:00:58,349]  INFO {org.wso2.andes.server.handler.ConnectionStartOkMethodHandler} -  Connected as: admin {org.wso2.andes.server.handler.ConnectionStartOkMethodHandler}
TID: [-1234] [] [2018-05-23 14:00:58,350]  INFO {org.wso2.andes.server.handler.ConnectionStartOkMethodHandler} -  Framesize set to 65535 {org.wso2.andes.server.handler.ConnectionStartOkMethodHandler}
TID: [-1] [] [2018-05-23 14:00:58,395]  INFO {org.wso2.andes.server.handler.ChannelOpenHandler} -  Connecting to: carbon {org.wso2.andes.server.handler.ChannelOpenHandler}
TID: [-1] [] [2018-05-23 14:00:58,414]  INFO {org.wso2.andes.kernel.AndesChannel} -  Channel created (ID: 192.168.178.214:54782) {org.wso2.andes.kernel.AndesChannel}
TID: [-1] [] [2018-05-23 14:00:58,424]  WARN {org.wso2.carbon.apimgt.jms.listener.utils.JMSUtils} -  Cannot locate destination : throttleData {org.wso2.carbon.apimgt.jms.listener.utils.JMSUtils}
TID: [-1] [] [2018-05-23 14:00:58,480]  INFO {org.wso2.andes.server.handler.QueueDeclareHandler} -  Queue tmp_192_168_178_214_54782_1 bound to default exchange(<<default>>) {org.wso2.andes.server.handler.QueueDeclareHandler}
TID: [-1] [] [2018-05-23 14:00:58,481]  INFO {org.wso2.andes.server.handler.QueueDeclareHandler} -  Queue tmp_192_168_178_214_54782_1 declared successfully {org.wso2.andes.server.handler.QueueDeclareHandler}
TID: [-1] [] [2018-05-23 14:00:58,500]  INFO {org.wso2.andes.server.handler.QueueBindHandler} -  Binding queue tmp_192_168_178_214_54782_1 to exchange TopicExchange[amq.topic] with routing key throttleData {org.wso2.andes.server.handler.QueueBindHandler}
TID: [-1] [] [2018-05-23 14:00:58,539]  INFO {org.wso2.andes.subscription.SubscriptionEngine} -  Local subscription ADDED [throttleData]ID=0@NODEKavehs-MacBook-Pro.local/192.168.178.214/T=1527076858526/D=false/X=true/O=clientid/E=amq.topic/ET=org.wso2.andes.server.exchange.TopicExchange$1@3fdb1bb3/EUD=0/S=true {org.wso2.andes.subscription.SubscriptionEngine}
TID: [-1234] [] [2018-05-23 14:00:58,756]  INFO {org.wso2.carbon.databridge.receiver.thrift.ThriftDataReceiver} -  Thrift Server IP : 0.0.0.0 {org.wso2.carbon.databridge.receiver.thrift.ThriftDataReceiver}
TID: [-1234] [] [2018-05-23 14:00:58,765]  INFO {org.wso2.carbon.databridge.receiver.thrift.ThriftDataReceiver} -  Thrift SSL port : 7711 {org.wso2.carbon.databridge.receiver.thrift.ThriftDataReceiver}
TID: [-1] [] [2018-05-23 14:00:58,766]  INFO {org.wso2.carbon.databridge.receiver.thrift.ThriftDataReceiver$ServerThread} -  Thrift receiver started on 0.0.0.0:7711 {org.wso2.carbon.databridge.receiver.thrift.ThriftDataReceiver$ServerThread}
TID: [-1234] [] [2018-05-23 14:00:58,769]  INFO {org.wso2.carbon.databridge.receiver.thrift.ThriftDataReceiver} -  Thrift port : 7611 {org.wso2.carbon.databridge.receiver.thrift.ThriftDataReceiver}
TID: [-1] [] [2018-05-23 14:00:58,770]  INFO {org.wso2.carbon.databridge.receiver.thrift.ThriftDataReceiver$ServerThread} -  Thrift receiver started on 0.0.0.0:7611 {org.wso2.carbon.databridge.receiver.thrift.ThriftDataReceiver$ServerThread}
TID: [-1234] [] [2018-05-23 14:00:58,772]  INFO {org.apache.synapse.transport.passthru.PassThroughHttpListener} -  Starting Pass-through HTTP Listener... {org.apache.synapse.transport.passthru.PassThroughHttpListener}
TID: [-1234] [] [2018-05-23 14:00:58,779]  INFO {org.apache.synapse.transport.passthru.core.PassThroughListeningIOReactorManager} -  Pass-through HTTP Listener started on 0.0.0.0:8280 {org.apache.synapse.transport.passthru.core.PassThroughListeningIOReactorManager}
TID: [-1234] [] [2018-05-23 14:00:58,779]  INFO {org.apache.synapse.transport.passthru.PassThroughHttpSSLListener} -  Starting Pass-through HTTPS Listener... {org.apache.synapse.transport.passthru.PassThroughHttpSSLListener}
TID: [-1234] [] [2018-05-23 14:00:58,781]  INFO {org.apache.synapse.transport.passthru.core.PassThroughListeningIOReactorManager} -  Pass-through HTTPS Listener started on 0.0.0.0:8243 {org.apache.synapse.transport.passthru.core.PassThroughListeningIOReactorManager}
TID: [-1234] [] [2018-05-23 14:00:58,785]  INFO {org.apache.tomcat.util.net.NioSelectorPool} -  Using a shared selector for servlet write/read {org.apache.tomcat.util.net.NioSelectorPool}
TID: [-1234] [] [2018-05-23 14:00:58,817]  INFO {org.apache.tomcat.util.net.NioSelectorPool} -  Using a shared selector for servlet write/read {org.apache.tomcat.util.net.NioSelectorPool}
TID: [-1234] [] [2018-05-23 14:00:58,907]  INFO {org.wso2.carbon.ntask.core.service.impl.TaskServiceImpl} -  Task service starting in STANDALONE mode... {org.wso2.carbon.ntask.core.service.impl.TaskServiceImpl}
TID: [-1234] [] [2018-05-23 14:00:59,009]  INFO {org.wso2.carbon.registry.eventing.internal.RegistryEventingServiceComponent} -  Successfully Initialized Eventing on Registry {org.wso2.carbon.registry.eventing.internal.RegistryEventingServiceComponent}
TID: [-1234] [] [2018-05-23 14:00:59,133]  INFO {org.wso2.carbon.core.init.JMXServerManager} -  JMX Service URL  : service:jmx:rmi://localhost:11111/jndi/rmi://localhost:9999/jmxrmi {org.wso2.carbon.core.init.JMXServerManager}
TID: [-1234] [] [2018-05-23 14:00:59,134]  INFO {org.wso2.carbon.core.internal.StartupFinalizerServiceComponent} -  Server           :  WSO2 API Manager-2.2.0 {org.wso2.carbon.core.internal.StartupFinalizerServiceComponent}
TID: [-1234] [] [2018-05-23 14:00:59,136]  INFO {org.wso2.carbon.core.internal.StartupFinalizerServiceComponent} -  WSO2 Carbon started in 403 sec {org.wso2.carbon.core.internal.StartupFinalizerServiceComponent}
TID: [-1] [] [2018-05-23 14:00:59,335]  INFO {org.wso2.carbon.apimgt.jms.listener.utils.JMSListener} -  Started to listen on destination : throttleData of type topic for listener Siddhi-JMS-Consumer#throttleData {org.wso2.carbon.apimgt.jms.listener.utils.JMSListener}
TID: [-1234] [] [2018-05-23 14:00:59,405]  INFO {org.wso2.carbon.ui.internal.CarbonUIServiceComponent} -  Mgt Console URL  : https://192.168.178.214:9443/carbon/ {org.wso2.carbon.ui.internal.CarbonUIServiceComponent}
TID: [-1234] [] [2018-05-23 14:00:59,406]  INFO {org.wso2.carbon.ui.internal.CarbonUIServiceComponent} -  API Store Default Context : https://192.168.178.214:9443/store {org.wso2.carbon.ui.internal.CarbonUIServiceComponent}
TID: [-1234] [] [2018-05-23 14:00:59,406]  INFO {org.wso2.carbon.ui.internal.CarbonUIServiceComponent} -  API Publisher Default Context : https://192.168.178.214:9443/publisher {org.wso2.carbon.ui.internal.CarbonUIServiceComponent}
TID: [-1234] [] [2018-05-23 14:04:20,158]  INFO {org.wso2.carbon.core.internal.permission.update.PermissionUpdater} -  Permission cache updated for tenant -1234 {org.wso2.carbon.core.internal.permission.update.PermissionUpdater}
TID: [-1234] [] [2018-05-23 14:04:20,318]  INFO {org.wso2.carbon.core.services.util.CarbonAuthenticationUtil} -  'admin@carbon.super [-1234]' logged in at [2018-05-23 14:04:20,318+0200] {org.wso2.carbon.core.services.util.CarbonAuthenticationUtil}
TID: [-1234] [] [2018-05-23 14:07:18,311]  INFO {org.wso2.carbon.core.init.CarbonServerManager} -  Shutdown hook triggered.... {org.wso2.carbon.core.init.CarbonServerManager}
TID: [-1234] [] [2018-05-23 14:07:18,315]  INFO {org.wso2.carbon.core.init.CarbonServerManager} -  Gracefully shutting down WSO2 API Manager... {org.wso2.carbon.core.init.CarbonServerManager}
TID: [-1234] [] [2018-05-23 14:07:18,318]  INFO {org.wso2.carbon.core.ServerManagement} -  Starting to switch to maintenance mode... {org.wso2.carbon.core.ServerManagement}
TID: [-1234] [] [2018-05-23 14:07:18,318]  INFO {org.apache.synapse.transport.passthru.PassThroughHttpListener} -  Stopping Pass-through HTTP Listener.. {org.apache.synapse.transport.passthru.PassThroughHttpListener}
TID: [-1234] [] [2018-05-23 14:07:18,319]  INFO {org.apache.synapse.transport.passthru.core.PassThroughListeningIOReactorManager} -  Shutting down IO Reactor bind for port 8280 {org.apache.synapse.transport.passthru.core.PassThroughListeningIOReactorManager}
TID: [-1] [] [2018-05-23 14:07:18,325]  INFO {org.apache.synapse.transport.passthru.core.PassThroughListeningIOReactorManager} -  HTTP-Listener I/O dispatcher Listener shutdown. {org.apache.synapse.transport.passthru.core.PassThroughListeningIOReactorManager}
TID: [-1234] [] [2018-05-23 14:07:18,326]  INFO {org.apache.synapse.transport.passthru.PassThroughHttpSSLListener} -  Stopping Pass-through HTTPS Listener.. {org.apache.synapse.transport.passthru.PassThroughHttpSSLListener}
TID: [-1234] [] [2018-05-23 14:07:18,327]  INFO {org.apache.synapse.transport.passthru.core.PassThroughListeningIOReactorManager} -  Shutting down IO Reactor bind for port 8243 {org.apache.synapse.transport.passthru.core.PassThroughListeningIOReactorManager}
TID: [-1] [] [2018-05-23 14:07:18,333]  INFO {org.apache.synapse.transport.passthru.core.PassThroughListeningIOReactorManager} -  HTTPS-Listener I/O dispatcher Listener shutdown. {org.apache.synapse.transport.passthru.core.PassThroughListeningIOReactorManager}
TID: [-1234] [] [2018-05-23 14:07:18,335]  INFO {org.wso2.carbon.core.ServerManagement} -  Stopped all transport listeners {org.wso2.carbon.core.ServerManagement}
TID: [-1234] [] [2018-05-23 14:07:18,335]  INFO {org.wso2.carbon.core.ServerManagement} -  Waiting for request service completion... {org.wso2.carbon.core.ServerManagement}
TID: [-1234] [] [2018-05-23 14:07:18,360]  INFO {org.wso2.carbon.core.ServerManagement} -  All requests have been served. {org.wso2.carbon.core.ServerManagement}
TID: [-1234] [] [2018-05-23 14:07:18,362]  INFO {org.wso2.carbon.core.ServerManagement} -  Waiting for deployment completion... {org.wso2.carbon.core.ServerManagement}
TID: [-1234] [] [2018-05-23 14:07:18,475]  INFO {org.wso2.carbon.webapp.mgt.WebApplication} -  Unloaded webapp: StandardEngine[Catalina].StandardHost[localhost].StandardContext[/api/identity/consent-mgt/v1.0] {org.wso2.carbon.webapp.mgt.WebApplication}
TID: [-1234] [] [2018-05-23 14:07:18,532]  INFO {org.wso2.carbon.webapp.mgt.WebApplication} -  Unloaded webapp: StandardEngine[Catalina].StandardHost[localhost].StandardContext[/api/am/publisher/v0.12] {org.wso2.carbon.webapp.mgt.WebApplication}
TID: [-1234] [] [2018-05-23 14:07:18,596]  INFO {org.wso2.carbon.webapp.mgt.WebApplication} -  Unloaded webapp: StandardEngine[Catalina].StandardHost[localhost].StandardContext[/api/am/store/v0.12] {org.wso2.carbon.webapp.mgt.WebApplication}
TID: [-1234] [] [2018-05-23 14:07:18,637]  INFO {org.wso2.carbon.webapp.mgt.WebApplication} -  Unloaded webapp: StandardEngine[Catalina].StandardHost[localhost].StandardContext[/micro-gateway/v0.9] {org.wso2.carbon.webapp.mgt.WebApplication}
TID: [-1234] [] [2018-05-23 14:07:18,689]  INFO {org.wso2.carbon.webapp.mgt.WebApplication} -  Unloaded webapp: StandardEngine[Catalina].StandardHost[localhost].StandardContext[/am/sample/pizzashack/v1] {org.wso2.carbon.webapp.mgt.WebApplication}
TID: [-1234] [] [2018-05-23 14:07:18,748]  INFO {org.wso2.carbon.webapp.mgt.WebApplication} -  Unloaded webapp: StandardEngine[Catalina].StandardHost[localhost].StandardContext[/client-registration/v0.12] {org.wso2.carbon.webapp.mgt.WebApplication}
TID: [-1234] [] [2018-05-23 14:07:18,806]  INFO {org.wso2.carbon.webapp.mgt.WebApplication} -  Unloaded webapp: StandardEngine[Catalina].StandardHost[localhost].StandardContext[/throttle/data/v1] {org.wso2.carbon.webapp.mgt.WebApplication}
TID: [-1234] [] [2018-05-23 14:07:18,850]  INFO {org.wso2.carbon.webapp.mgt.WebApplication} -  Unloaded webapp: StandardEngine[Catalina].StandardHost[localhost].StandardContext[/am/sample/calculator/v1] {org.wso2.carbon.webapp.mgt.WebApplication}
TID: [-1234] [] [2018-05-23 14:07:18,894]  INFO {org.wso2.carbon.webapp.mgt.WebApplication} -  Unloaded webapp: StandardEngine[Catalina].StandardHost[localhost].StandardContext[/authenticationendpoint] {org.wso2.carbon.webapp.mgt.WebApplication}
TID: [-1234] [] [2018-05-23 14:07:18,996]  INFO {org.wso2.carbon.webapp.mgt.WebApplication} -  Unloaded webapp: StandardEngine[Catalina].StandardHost[localhost].StandardContext[/api/am/admin/v0.12] {org.wso2.carbon.webapp.mgt.WebApplication}
TID: [-1234] [] [2018-05-23 14:07:19,034]  INFO {org.wso2.carbon.webapp.mgt.WebApplication} -  Unloaded webapp: StandardEngine[Catalina].StandardHost[localhost].StandardContext[/oauth2] {org.wso2.carbon.webapp.mgt.WebApplication}
TID: [-1234] [] [2018-05-23 14:07:19,069]  INFO {org.wso2.carbon.webapp.mgt.WebApplication} -  Unloaded webapp: StandardEngine[Catalina].StandardHost[localhost].StandardContext[/publisher] {org.wso2.carbon.webapp.mgt.WebApplication}
TID: [-1234] [] [2018-05-23 14:07:19,079]  INFO {org.wso2.carbon.webapp.mgt.WebApplication} -  Unloaded webapp: StandardEngine[Catalina].StandardHost[localhost].StandardContext[/admin] {org.wso2.carbon.webapp.mgt.WebApplication}
TID: [-1234] [] [2018-05-23 14:07:19,092]  INFO {org.wso2.carbon.webapp.mgt.WebApplication} -  Unloaded webapp: StandardEngine[Catalina].StandardHost[localhost].StandardContext[/store] {org.wso2.carbon.webapp.mgt.WebApplication}
TID: [-1234] [] [2018-05-23 14:07:19,092]  INFO {org.wso2.carbon.core.ServerManagement} -  All deployment tasks have been completed. {org.wso2.carbon.core.ServerManagement}
TID: [-1234] [] [2018-05-23 14:07:19,092]  INFO {org.wso2.carbon.core.ServerManagement} -  Waiting for server task completion... {org.wso2.carbon.core.ServerManagement}
TID: [-1234] [] [2018-05-23 14:07:19,106]  INFO {org.wso2.carbon.apimgt.jms.listener.utils.JMSTransportHandler} -  Starting to Shutdown the Listener... {org.wso2.carbon.apimgt.jms.listener.utils.JMSTransportHandler}
TID: [-1] [] [2018-05-23 14:07:19,694]  INFO {org.wso2.andes.subscription.SubscriptionEngine} -  Local Subscription DELETED [throttleData]ID=0@NODEKavehs-MacBook-Pro.local/192.168.178.214/T=1527076858526/D=false/X=true/O=clientid/E=amq.topic/ET=org.wso2.andes.server.exchange.TopicExchange$1@3fdb1bb3/EUD=0/S=false {org.wso2.andes.subscription.SubscriptionEngine}
TID: [-1] [] [2018-05-23 14:07:19,695]  INFO {org.wso2.andes.kernel.OrphanedMessageHandler} -  Purging messages of this node persisted under throttleData {org.wso2.andes.kernel.OrphanedMessageHandler}
TID: [-1] [] [2018-05-23 14:07:19,697]  INFO {org.wso2.andes.kernel.MessagingEngine} -  Purged messages of destination throttleData {org.wso2.andes.kernel.MessagingEngine}
TID: [-1] [] [2018-05-23 14:07:19,735]  INFO {org.wso2.andes.server.handler.ChannelCloseHandler} -  Received channel close for id 1 citing class 0 and method 0 {org.wso2.andes.server.handler.ChannelCloseHandler}
TID: [-1] [] [2018-05-23 14:07:19,736]  INFO {org.wso2.andes.server.AMQChannel} -  No consumers to unsubscribe on channel [/192.168.178.214:54782(admin):1] {org.wso2.andes.server.AMQChannel}
TID: [-1] [] [2018-05-23 14:07:19,737]  INFO {org.wso2.andes.kernel.FlowControlManager} -  Channel removed (ID: 192.168.178.214:54782) {org.wso2.andes.kernel.FlowControlManager}
TID: [-1] [] [2018-05-23 14:07:20,114]  INFO {org.wso2.andes.server.handler.ConnectionCloseMethodHandler} -  ConnectionClose received with reply code/reply text 200/JMS client is closing the connection. for /192.168.178.214:54782(admin) {org.wso2.andes.server.handler.ConnectionCloseMethodHandler}
TID: [-1234] [] [2018-05-23 14:07:20,115]  INFO {org.wso2.carbon.apimgt.jms.listener.utils.JMSTaskManager} -  Task manager for jms consumer 1000 shutdown {org.wso2.carbon.apimgt.jms.listener.utils.JMSTaskManager}
TID: [-1234] [] [2018-05-23 14:07:20,115]  INFO {org.wso2.carbon.apimgt.jms.listener.utils.JMSListener} -  Stopped listening for JMS messages to listener : Siddhi-JMS-Consumer#throttleData {org.wso2.carbon.apimgt.jms.listener.utils.JMSListener}
TID: [-1234] [] [2018-05-23 14:07:20,116]  INFO {org.wso2.andes.kernel.FlowControlManager} -  Prepare channels for shutdown. {org.wso2.andes.kernel.FlowControlManager}
TID: [-1234] [] [2018-05-23 14:07:20,118]  INFO {org.wso2.andes.kernel.MessagingEngine} -  Stopping SlotDelivery Worker. {org.wso2.andes.kernel.MessagingEngine}
TID: [-1] [] [2018-05-23 14:07:20,148] ERROR {org.wso2.carbon.databridge.agent.endpoint.DataEndpoint} -  Unable to send events to the endpoint.  {org.wso2.carbon.databridge.agent.endpoint.DataEndpoint}
org.wso2.carbon.databridge.agent.exception.DataEndpointException: Cannot send Events
	at org.wso2.carbon.databridge.agent.endpoint.thrift.ThriftDataEndpoint.send(ThriftDataEndpoint.java:88)
	at org.wso2.carbon.databridge.agent.endpoint.DataEndpoint$EventPublisher.publish(DataEndpoint.java:314)
	at org.wso2.carbon.databridge.agent.endpoint.DataEndpoint$EventPublisher.run(DataEndpoint.java:272)
	at java.lang.Thread.run(Thread.java:748)
	at java.util.concurrent.Executors$RunnableAdapter.call(Executors.java:511)
	at java.util.concurrent.FutureTask.run(FutureTask.java:266)
	at java.util.concurrent.ThreadPoolExecutor.runWorker(ThreadPoolExecutor.java:1149)
	at java.util.concurrent.ThreadPoolExecutor$Worker.run(ThreadPoolExecutor.java:624)
	at java.lang.Thread.run(Thread.java:748)
Caused by: org.apache.thrift.transport.TTransportException
	at org.apache.thrift.transport.TIOStreamTransport.read(TIOStreamTransport.java:132)
	at org.apache.thrift.transport.TTransport.readAll(TTransport.java:86)
	at org.apache.thrift.protocol.TBinaryProtocol.readAll(TBinaryProtocol.java:429)
	at org.apache.thrift.protocol.TBinaryProtocol.readI32(TBinaryProtocol.java:318)
	at org.apache.thrift.protocol.TBinaryProtocol.readMessageBegin(TBinaryProtocol.java:219)
	at org.apache.thrift.TServiceClient.receiveBase(TServiceClient.java:69)
	at org.wso2.carbon.databridge.commons.thrift.service.general.ThriftEventTransmissionService$Client.recv_publish(ThriftEventTransmissionService.java:168)
	at org.wso2.carbon.databridge.commons.thrift.service.general.ThriftEventTransmissionService$Client.publish(ThriftEventTransmissionService.java:155)
	at org.wso2.carbon.databridge.agent.endpoint.thrift.ThriftDataEndpoint.send(ThriftDataEndpoint.java:81)
	... 8 more
TID: [-1] [] [2018-05-23 14:07:20,169]  INFO {org.wso2.andes.kernel.slot.SlotDeliveryWorker} -  SlotDeliveryWorker stopped. Thread name SlotDeliveryWorkerExecutor-0 with Thread Id : 878 {org.wso2.andes.kernel.slot.SlotDeliveryWorker}
TID: [-1234] [] [2018-05-23 14:07:20,221]  INFO {org.wso2.andes.kernel.slot.SlotMessageCounter} -  Stopping slot timeout task executor {org.wso2.andes.kernel.slot.SlotMessageCounter}
TID: [-1234] [] [2018-05-23 14:07:20,222]  INFO {org.wso2.andes.server.registry.ApplicationRegistry} -  Shutting down ApplicationRegistry(org.wso2.andes.server.registry.ConfigurationFileApplicationRegistry@3353d3fc) {org.wso2.andes.server.registry.ApplicationRegistry}
TID: [-1234] [] [2018-05-23 14:07:20,222]  INFO {org.wso2.andes.server.registry.ApplicationRegistry} -  Shutting down ApplicationRegistry:org.wso2.andes.server.registry.ConfigurationFileApplicationRegistry@3353d3fc {org.wso2.andes.server.registry.ApplicationRegistry}
TID: [-1234] [] [2018-05-23 14:07:20,228]  INFO {org.wso2.andes.server.security.auth.manager.PrincipalDatabaseAuthenticationManager} -  Unregistering UserManagementMBean {org.wso2.andes.server.security.auth.manager.PrincipalDatabaseAuthenticationManager}
TID: [-1234] [] [2018-05-23 14:07:20,230]  INFO {org.wso2.andes.server.cluster.ClusterManager} -  Clearing the Persisted State of Node with ID NODEKavehs-MacBook-Pro.local/192.168.178.214 {org.wso2.andes.server.cluster.ClusterManager}
TID: [-1234] [] [2018-05-23 14:07:20,238]  INFO {org.wso2.andes.kernel.AndesKernelBoot} -  Stop syncing exchanges, queues, bindings and subscriptions... {org.wso2.andes.kernel.AndesKernelBoot}
TID: [-1234] [] [2018-05-23 14:07:20,241]  INFO {org.wso2.carbon.registry.core.internal.RegistryCoreServiceComponent} -  Writing logs  {org.wso2.carbon.registry.core.internal.RegistryCoreServiceComponent}
TID: [-1234] [] [2018-05-23 14:07:20,247]  INFO {org.wso2.carbon.core.ServerManagement} -  All server tasks have been completed. {org.wso2.carbon.core.ServerManagement}
TID: [-1234] [] [2018-05-23 14:07:20,247]  INFO {org.wso2.carbon.core.init.CarbonServerManager} -  Shutting down WSO2 API Manager... {org.wso2.carbon.core.init.CarbonServerManager}
TID: [-1234] [] [2018-05-23 14:07:20,248]  INFO {org.wso2.carbon.core.init.CarbonServerManager} -  Shutting down OSGi framework... {org.wso2.carbon.core.init.CarbonServerManager}
TID: [-1234] [] [2018-05-23 14:07:20,374]  INFO {org.wso2.carbon.apimgt.jms.listener.utils.JMSTransportHandler} -  Starting to Shutdown the Listener... {org.wso2.carbon.apimgt.jms.listener.utils.JMSTransportHandler}
TID: [-1234] [] [2018-05-23 14:07:20,418]  WARN {org.wso2.carbon.mediation.initializer.persistence.MediationPersistenceManager} -  Mediation persistence manager is either not initialized or not in the 'accepting' mode. Ignoring the save request. {org.wso2.carbon.mediation.initializer.persistence.MediationPersistenceManager}
TID: [-1234] [] [2018-05-23 14:07:20,420]  INFO {org.apache.synapse.Axis2SynapseController} -  Undeploying the Synapse service... {org.apache.synapse.Axis2SynapseController}
TID: [-1234] [] [2018-05-23 14:07:20,420]  INFO {org.apache.synapse.Axis2SynapseController} -  Undeploying Proxy services... {org.apache.synapse.Axis2SynapseController}
TID: [-1234] [] [2018-05-23 14:07:20,420]  INFO {org.wso2.carbon.core.deployment.DeploymentInterceptor} -  Removing Axis2 Service: WorkflowCallbackService {super-tenant} {org.wso2.carbon.core.deployment.DeploymentInterceptor}
TID: [-1234] [] [2018-05-23 14:07:20,420]  INFO {org.apache.synapse.Axis2SynapseController} -  Undeploying EventSources... {org.apache.synapse.Axis2SynapseController}
TID: [-1234] [] [2018-05-23 14:07:20,435]  INFO {org.apache.synapse.inbound.InboundEndpoint} -  Destroying Inbound Endpoint: WebSocketInboundEndpoint {org.apache.synapse.inbound.InboundEndpoint}
TID: [-1234] [] [2018-05-23 14:07:20,449]  INFO {org.apache.synapse.inbound.InboundEndpoint} -  Destroying Inbound Endpoint: SecureWebSocketEP {org.apache.synapse.inbound.InboundEndpoint}
TID: [-1234] [] [2018-05-23 14:07:20,466]  INFO {org.apache.synapse.rest.API} -  Destroying API: _WSO2AMAuthorizeAPI_ {org.apache.synapse.rest.API}
TID: [-1234] [] [2018-05-23 14:07:20,466]  INFO {org.apache.synapse.rest.API} -  Destroying API: _WSO2AMUserInfoAPI_ {org.apache.synapse.rest.API}
TID: [-1234] [] [2018-05-23 14:07:20,466]  INFO {org.apache.synapse.rest.API} -  Destroying API: _WSO2AMRevokeAPI_ {org.apache.synapse.rest.API}
TID: [-1234] [] [2018-05-23 14:07:20,466]  INFO {org.apache.synapse.rest.API} -  Destroying API: _WSO2AMTokenAPI_ {org.apache.synapse.rest.API}
TID: [-1234] [] [2018-05-23 14:07:20,467]  INFO {org.apache.synapse.task.SynapseTaskManager} -  Shutting down the task manager {org.apache.synapse.task.SynapseTaskManager}
TID: [-1234] [] [2018-05-23 14:07:20,478]  INFO {org.wso2.carbon.databridge.receiver.binary.internal.BinaryDataReceiverServiceComponent} -  Binary Data Receiver server shutting down... {org.wso2.carbon.databridge.receiver.binary.internal.BinaryDataReceiverServiceComponent}
TID: [-1234] [] [2018-05-23 14:07:20,478]  INFO {org.wso2.carbon.databridge.receiver.binary.internal.BinaryDataReceiver} -  Stopping Binary Server.. {org.wso2.carbon.databridge.receiver.binary.internal.BinaryDataReceiver}
TID: [-1234] [] [2018-05-23 14:07:20,479]  INFO {org.wso2.carbon.databridge.receiver.thrift.internal.ThriftDataReceiverDS} -  Thrift server shutting down... {org.wso2.carbon.databridge.receiver.thrift.internal.ThriftDataReceiverDS}
TID: [-1234] [] [2018-05-23 14:07:20,488]  INFO {org.wso2.carbon.event.receiver.core.EventReceiverDeployer} -  Event Receiver undeployed successfully: blockingWso2EventReceiver.xml {org.wso2.carbon.event.receiver.core.EventReceiverDeployer}
TID: [-1234] [] [2018-05-23 14:07:20,490]  INFO {org.wso2.carbon.event.receiver.core.EventReceiverDeployer} -  Event receiver deployment held back and in inactive state: blockingWso2EventReceiver.xml, waiting for Input Event Adapter dependency: wso2event {org.wso2.carbon.event.receiver.core.EventReceiverDeployer}
TID: [-1234] [] [2018-05-23 14:07:20,490]  INFO {org.wso2.carbon.event.receiver.core.internal.CarbonEventReceiverService} -  Event receiver : blockingWso2EventReceiver in inactive state because dependency could not be found: wso2event {org.wso2.carbon.event.receiver.core.internal.CarbonEventReceiverService}
TID: [-1234] [] [2018-05-23 14:07:20,490]  INFO {org.wso2.carbon.event.receiver.core.EventReceiverDeployer} -  Event Receiver undeployed successfully: throttleWSO2EventReceiver.xml {org.wso2.carbon.event.receiver.core.EventReceiverDeployer}
TID: [-1234] [] [2018-05-23 14:07:20,491]  INFO {org.wso2.carbon.event.receiver.core.EventReceiverDeployer} -  Event receiver deployment held back and in inactive state: throttleWSO2EventReceiver.xml, waiting for Input Event Adapter dependency: wso2event {org.wso2.carbon.event.receiver.core.EventReceiverDeployer}
TID: [-1234] [] [2018-05-23 14:07:20,492]  INFO {org.wso2.carbon.event.receiver.core.internal.CarbonEventReceiverService} -  Event receiver : throttleWSO2EventReceiver in inactive state because dependency could not be found: wso2event {org.wso2.carbon.event.receiver.core.internal.CarbonEventReceiverService}
TID: [-1234] [] [2018-05-23 14:07:20,492]  INFO {org.wso2.carbon.event.receiver.core.EventReceiverDeployer} -  Event Receiver undeployed successfully: keyTemplateWso2EventReceiver.xml {org.wso2.carbon.event.receiver.core.EventReceiverDeployer}
TID: [-1234] [] [2018-05-23 14:07:20,493]  INFO {org.wso2.carbon.event.receiver.core.EventReceiverDeployer} -  Event receiver deployment held back and in inactive state: keyTemplateWso2EventReceiver.xml, waiting for Input Event Adapter dependency: wso2event {org.wso2.carbon.event.receiver.core.EventReceiverDeployer}
TID: [-1234] [] [2018-05-23 14:07:20,493]  INFO {org.wso2.carbon.event.receiver.core.internal.CarbonEventReceiverService} -  Event receiver : keyTemplateWso2EventReceiver in inactive state because dependency could not be found: wso2event {org.wso2.carbon.event.receiver.core.internal.CarbonEventReceiverService}
TID: [-1234] [] [2018-05-23 14:07:20,500]  INFO {org.wso2.carbon.event.publisher.core.EventPublisherDeployer} -  Event Publisher undeployed successfully : blockingEventJMSPublisher.xml {org.wso2.carbon.event.publisher.core.EventPublisherDeployer}
TID: [-1234] [] [2018-05-23 14:07:20,502]  INFO {org.wso2.carbon.event.publisher.core.EventPublisherDeployer} -  Event Publisher deployment held back and in inactive state : blockingEventJMSPublisher.xml, waiting for Output Event Adapter dependency : jms {org.wso2.carbon.event.publisher.core.EventPublisherDeployer}
TID: [-1234] [] [2018-05-23 14:07:20,502]  INFO {org.wso2.carbon.event.publisher.core.internal.CarbonEventPublisherService} -  Event publisher : blockingEventJMSPublisher  is in inactive state because dependency could not be found : jms {org.wso2.carbon.event.publisher.core.internal.CarbonEventPublisherService}
TID: [-1234] [] [2018-05-23 14:07:20,502]  INFO {org.wso2.carbon.event.publisher.core.EventPublisherDeployer} -  Event Publisher undeployed successfully : jmsEventPublisher.xml {org.wso2.carbon.event.publisher.core.EventPublisherDeployer}
TID: [-1234] [] [2018-05-23 14:07:20,504]  INFO {org.wso2.carbon.event.publisher.core.EventPublisherDeployer} -  Event Publisher deployment held back and in inactive state : jmsEventPublisher.xml, waiting for Output Event Adapter dependency : jms {org.wso2.carbon.event.publisher.core.EventPublisherDeployer}
TID: [-1234] [] [2018-05-23 14:07:20,504]  INFO {org.wso2.carbon.event.publisher.core.internal.CarbonEventPublisherService} -  Event publisher : jmsEventPublisher  is in inactive state because dependency could not be found : jms {org.wso2.carbon.event.publisher.core.internal.CarbonEventPublisherService}
TID: [-1234] [] [2018-05-23 14:07:20,504]  INFO {org.wso2.carbon.event.publisher.core.EventPublisherDeployer} -  Event Publisher undeployed successfully : keyTemplateEventPublisher.xml {org.wso2.carbon.event.publisher.core.EventPublisherDeployer}
TID: [-1234] [] [2018-05-23 14:07:20,505]  INFO {org.wso2.carbon.event.publisher.core.EventPublisherDeployer} -  Event Publisher deployment held back and in inactive state : keyTemplateEventPublisher.xml, waiting for Output Event Adapter dependency : jms {org.wso2.carbon.event.publisher.core.EventPublisherDeployer}
TID: [-1234] [] [2018-05-23 14:07:20,505]  INFO {org.wso2.carbon.event.publisher.core.internal.CarbonEventPublisherService} -  Event publisher : keyTemplateEventPublisher  is in inactive state because dependency could not be found : jms {org.wso2.carbon.event.publisher.core.internal.CarbonEventPublisherService}
TID: [-1234] [] [2018-05-23 14:07:20,557]  INFO {org.wso2.carbon.event.processor.core.internal.CarbonEventProcessorService} -  Successfully shutdown ExecutionPlans {org.wso2.carbon.event.processor.core.internal.CarbonEventProcessorService}
TID: [-1234] [] [2018-05-23 14:07:20,566]  INFO {org.wso2.carbon.core.init.CarbonServerManager} -  Stopping CarbonServerManager... {org.wso2.carbon.core.init.CarbonServerManager}
TID: [-1234] [] [2018-05-23 14:07:20,568]  INFO {org.wso2.carbon.websocket.transport.WebsocketTransportSender} -  WSS Sender Shutdown {org.wso2.carbon.websocket.transport.WebsocketTransportSender}
TID: [-1] [] [2018-05-23 14:07:20,569]  INFO {org.apache.synapse.transport.passthru.PassThroughHttpSender} -  HTTP Sender shutdown {org.apache.synapse.transport.passthru.PassThroughHttpSender}
TID: [-1] [] [2018-05-23 14:07:20,570]  INFO {org.apache.synapse.transport.passthru.PassThroughHttpSSLSender} -  HTTPS Sender shutdown {org.apache.synapse.transport.passthru.PassThroughHttpSSLSender}
TID: [-1234] [] [2018-05-23 14:07:20,570]  INFO {org.wso2.carbon.websocket.transport.WebsocketTransportSender} -  WS Sender Shutdown {org.wso2.carbon.websocket.transport.WebsocketTransportSender}
TID: [-1234] [] [2018-05-23 14:07:20,570]  INFO {org.apache.synapse.transport.passthru.PassThroughHttpListener} -  Destroying PassThroughHttpListener {org.apache.synapse.transport.passthru.PassThroughHttpListener}
TID: [-1234] [] [2018-05-23 14:07:20,571]  INFO {org.apache.synapse.transport.passthru.PassThroughHttpSSLListener} -  Destroying PassThroughHttpListener {org.apache.synapse.transport.passthru.PassThroughHttpSSLListener}
TID: [-1234] [] [2018-05-23 14:07:22,990]  INFO {org.wso2.carbon.tomcat.ext.internal.CarbonTomcatServiceComponent} -  Stopping the carbon web-app registered under : / {org.wso2.carbon.tomcat.ext.internal.CarbonTomcatServiceComponent}
TID: [-1234] [] [2018-05-23 14:07:22,996]  INFO {org.wso2.carbon.metrics.impl.reporter.AbstractReporter} -  Stopped JDBC reporter for Metrics {org.wso2.carbon.metrics.impl.reporter.AbstractReporter}
TID: [-1234] [] [2018-05-23 14:07:22,997]  INFO {org.wso2.carbon.metrics.impl.reporter.AbstractReporter} -  Stopped JMX reporter for Metrics {org.wso2.carbon.metrics.impl.reporter.AbstractReporter}
TID: [-1234] [] [2018-05-23 14:07:23,522]  INFO {org.wso2.carbon.core.init.CarbonServerManager} -  Shutdown complete {org.wso2.carbon.core.init.CarbonServerManager}
TID: [-1234] [] [2018-05-23 14:07:23,522]  INFO {org.wso2.carbon.core.init.CarbonServerManager} -  Halting JVM {org.wso2.carbon.core.init.CarbonServerManager}
